[ 2020-06-18T00:03:03+08:00 ] ::1 /boke/index.php/Home/Cate/index/id/10
INFO: [ app_init ] --START--
INFO: Run Behavior\BuildLiteBehavior [ RunTime:0.000018s ]
INFO: [ app_init ] --END-- [ RunTime:0.000671s ]
INFO: [ app_begin ] --START--
INFO: Run Behavior\ReadHtmlCacheBehavior [ RunTime:0.001317s ]
INFO: [ app_begin ] --END-- [ RunTime:0.001403s ]
SQL: SHOW COLUMNS FROM `blog_cate` [ RunTime:0.033409s ]
SQL: SELECT * FROM `blog_cate` ORDER BY sort desc  [ RunTime:0.001249s ]
SQL: SHOW COLUMNS FROM `blog_link` [ RunTime:0.032923s ]
SQL: SELECT * FROM `blog_link` ORDER BY sort desc  [ RunTime:0.001400s ]
SQL: SHOW COLUMNS FROM `blog_article` [ RunTime:0.029075s ]
SQL: SELECT * FROM `blog_article`  [ RunTime:0.001524s ]
SQL: SELECT COUNT(*) AS tp_count FROM `blog_article` WHERE `cateid` = 10 LIMIT 1   [ RunTime:0.000962s ]
NOTIC: [8] Undefined variable: page D:\phpStudy\WWW\boke\Application\Home\Controller\CateController.class.php 第 10 行.
NOTIC: [8] Trying to get property of non-object D:\phpStudy\WWW\boke\Application\Home\Controller\CateController.class.php 第 10 行.
SQL: SELECT * FROM `blog_article` WHERE `cateid` = 10  [ RunTime:0.000856s ]
INFO: [ view_parse ] --START--
INFO: [ template_filter ] --START--
INFO: Run Behavior\ContentReplaceBehavior [ RunTime:0.000303s ]
INFO: [ template_filter ] --END-- [ RunTime:0.000527s ]
INFO: Run Behavior\ParseTemplateBehavior [ RunTime:0.053718s ]
INFO: [ view_parse ] --END-- [ RunTime:0.054066s ]
INFO: [ view_filter ] --START--
INFO: Run Behavior\WriteHtmlCacheBehavior [ RunTime:0.003141s ]
INFO: [ view_filter ] --END-- [ RunTime:0.003322s ]
INFO: [ app_end ] --START--
INFO: Run Behavior\ShowPageTraceBehavior [ RunTime:0.002517s ]
INFO: [ app_end ] --END-- [ RunTime:0.002702s ]

[ 2020-06-18T00:03:05+08:00 ] ::1 /boke/index.php/Home/Cate/index/id/style/jquery.min.js
INFO: [ app_init ] --START--
INFO: Run Behavior\BuildLiteBehavior [ RunTime:0.000066s ]
INFO: [ app_init ] --END-- [ RunTime:0.001456s ]
INFO: [ app_begin ] --START--
INFO: Run Behavior\ReadHtmlCacheBehavior [ RunTime:0.005694s ]
INFO: [ app_begin ] --END-- [ RunTime:0.006050s ]
SQL: SHOW COLUMNS FROM `blog_cate` [ RunTime:0.028620s ]
SQL: SELECT * FROM `blog_cate` ORDER BY sort desc  [ RunTime:0.001244s ]
SQL: SHOW COLUMNS FROM `blog_link` [ RunTime:0.026733s ]
SQL: SELECT * FROM `blog_link` ORDER BY sort desc  [ RunTime:0.001273s ]
SQL: SHOW COLUMNS FROM `blog_article` [ RunTime:0.029046s ]
SQL: SELECT * FROM `blog_article`  [ RunTime:0.001322s ]
SQL: SELECT COUNT(*) AS tp_count FROM `blog_article` WHERE `cateid` = 0 LIMIT 1   [ RunTime:0.001056s ]
NOTIC: [8] Undefined variable: page D:\phpStudy\WWW\boke\Application\Home\Controller\CateController.class.php 第 10 行.
NOTIC: [8] Trying to get property of non-object D:\phpStudy\WWW\boke\Application\Home\Controller\CateController.class.php 第 10 行.
SQL: SELECT * FROM `blog_article` WHERE `cateid` = 0  [ RunTime:0.001218s ]
INFO: [ view_parse ] --START--
INFO: [ template_filter ] --START--
INFO: Run Behavior\ContentReplaceBehavior [ RunTime:0.000526s ]
INFO: [ template_filter ] --END-- [ RunTime:0.000885s ]
INFO: Run Behavior\ParseTemplateBehavior [ RunTime:0.063119s ]
INFO: [ view_parse ] --END-- [ RunTime:0.063553s ]
INFO: [ view_filter ] --START--
INFO: Run Behavior\WriteHtmlCacheBehavior [ RunTime:0.003939s ]
INFO: [ view_filter ] --END-- [ RunTime:0.004213s ]
INFO: [ app_end ] --START--
INFO: Run Behavior\ShowPageTraceBehavior [ RunTime:0.005980s ]
INFO: [ app_end ] --END-- [ RunTime:0.006336s ]

[ 2020-06-18T00:06:09+08:00 ] ::1 /boke/index.php/Home/Cate/index/id/4
INFO: [ app_init ] --START--
INFO: Run Behavior\BuildLiteBehavior [ RunTime:0.000105s ]
INFO: [ app_init ] --END-- [ RunTime:0.002229s ]
INFO: [ app_begin ] --START--
INFO: Run Behavior\ReadHtmlCacheBehavior [ RunTime:0.003896s ]
INFO: [ app_begin ] --END-- [ RunTime:0.004220s ]
SQL: SHOW COLUMNS FROM `blog_cate` [ RunTime:0.069147s ]
SQL: SELECT * FROM `blog_cate` ORDER BY sort desc  [ RunTime:0.000937s ]
SQL: SHOW COLUMNS FROM `blog_link` [ RunTime:0.024958s ]
SQL: SELECT * FROM `blog_link` ORDER BY sort desc  [ RunTime:0.001532s ]
SQL: SHOW COLUMNS FROM `blog_article` [ RunTime:0.025882s ]
SQL: SELECT * FROM `blog_article`  [ RunTime:0.001011s ]
SQL: SELECT COUNT(*) AS tp_count FROM `blog_article` WHERE `cateid` = 4 LIMIT 1   [ RunTime:0.000893s ]
NOTIC: [8] Undefined variable: page D:\phpStudy\WWW\boke\Application\Home\Controller\CateController.class.php 第 10 行.
NOTIC: [8] Trying to get property of non-object D:\phpStudy\WWW\boke\Application\Home\Controller\CateController.class.php 第 10 行.
SQL: SELECT * FROM `blog_article` WHERE `cateid` = 4  [ RunTime:0.000800s ]
INFO: [ view_parse ] --START--
INFO: [ template_filter ] --START--
INFO: Run Behavior\ContentReplaceBehavior [ RunTime:0.000299s ]
INFO: [ template_filter ] --END-- [ RunTime:0.000635s ]
INFO: Run Behavior\ParseTemplateBehavior [ RunTime:0.061582s ]
INFO: [ view_parse ] --END-- [ RunTime:0.062008s ]
INFO: [ view_filter ] --START--
INFO: Run Behavior\WriteHtmlCacheBehavior [ RunTime:0.003053s ]
INFO: [ view_filter ] --END-- [ RunTime:0.003267s ]
INFO: [ app_end ] --START--
INFO: Run Behavior\ShowPageTraceBehavior [ RunTime:0.004075s ]
INFO: [ app_end ] --END-- [ RunTime:0.004427s ]

[ 2020-06-18T00:06:11+08:00 ] ::1 /boke/index.php/Home/Cate/index/id/style/jquery.min.js
INFO: [ app_init ] --START--
INFO: Run Behavior\BuildLiteBehavior [ RunTime:0.000054s ]
INFO: [ app_init ] --END-- [ RunTime:0.002426s ]
INFO: [ app_begin ] --START--
INFO: Run Behavior\ReadHtmlCacheBehavior [ RunTime:0.004735s ]
INFO: [ app_begin ] --END-- [ RunTime:0.005163s ]
SQL: SHOW COLUMNS FROM `blog_cate` [ RunTime:0.075587s ]
SQL: SELECT * FROM `blog_cate` ORDER BY sort desc  [ RunTime:0.001109s ]
SQL: SHOW COLUMNS FROM `blog_link` [ RunTime:0.030215s ]
SQL: SELECT * FROM `blog_link` ORDER BY sort desc  [ RunTime:0.001592s ]
SQL: SHOW COLUMNS FROM `blog_article` [ RunTime:0.030986s ]
SQL: SELECT * FROM `blog_article`  [ RunTime:0.001318s ]
SQL: SELECT COUNT(*) AS tp_count FROM `blog_article` WHERE `cateid` = 0 LIMIT 1   [ RunTime:0.000974s ]
NOTIC: [8] Undefined variable: page D:\phpStudy\WWW\boke\Application\Home\Controller\CateController.class.php 第 10 行.
NOTIC: [8] Trying to get property of non-object D:\phpStudy\WWW\boke\Application\Home\Controller\CateController.class.php 第 10 行.
SQL: SELECT * FROM `blog_article` WHERE `cateid` = 0  [ RunTime:0.001366s ]
INFO: [ view_parse ] --START--
INFO: [ template_filter ] --START--
INFO: Run Behavior\ContentReplaceBehavior [ RunTime:0.000236s ]
INFO: [ template_filter ] --END-- [ RunTime:0.000407s ]
INFO: Run Behavior\ParseTemplateBehavior [ RunTime:0.051629s ]
INFO: [ view_parse ] --END-- [ RunTime:0.052055s ]
INFO: [ view_filter ] --START--
INFO: Run Behavior\WriteHtmlCacheBehavior [ RunTime:0.001331s ]
INFO: [ view_filter ] --END-- [ RunTime:0.001424s ]
INFO: [ app_end ] --START--
INFO: Run Behavior\ShowPageTraceBehavior [ RunTime:0.002414s ]
INFO: [ app_end ] --END-- [ RunTime:0.002558s ]

[ 2020-06-18T00:07:28+08:00 ] ::1 /boke/index.php/Home/Cate/index/id/www.youku.com
INFO: [ app_init ] --START--
INFO: Run Behavior\BuildLiteBehavior [ RunTime:0.000067s ]
INFO: [ app_init ] --END-- [ RunTime:0.002400s ]
INFO: [ app_begin ] --START--
INFO: Run Behavior\ReadHtmlCacheBehavior [ RunTime:0.005496s ]
INFO: [ app_begin ] --END-- [ RunTime:0.005890s ]
SQL: SHOW COLUMNS FROM `blog_cate` [ RunTime:0.070871s ]
SQL: SELECT * FROM `blog_cate` ORDER BY sort desc  [ RunTime:0.001079s ]
SQL: SHOW COLUMNS FROM `blog_link` [ RunTime:0.019540s ]
SQL: SELECT * FROM `blog_link` ORDER BY sort desc  [ RunTime:0.001046s ]
SQL: SHOW COLUMNS FROM `blog_article` [ RunTime:0.020468s ]
SQL: SELECT * FROM `blog_article`  [ RunTime:0.000941s ]
SQL: SELECT COUNT(*) AS tp_count FROM `blog_article` WHERE `cateid` = 0 LIMIT 1   [ RunTime:0.000715s ]
NOTIC: [8] Undefined variable: page D:\phpStudy\WWW\boke\Application\Home\Controller\CateController.class.php 第 10 行.
NOTIC: [8] Trying to get property of non-object D:\phpStudy\WWW\boke\Application\Home\Controller\CateController.class.php 第 10 行.
SQL: SELECT * FROM `blog_article` WHERE `cateid` = 0  [ RunTime:0.000874s ]
INFO: [ view_parse ] --START--
INFO: [ template_filter ] --START--
INFO: Run Behavior\ContentReplaceBehavior [ RunTime:0.000261s ]
INFO: [ template_filter ] --END-- [ RunTime:0.000449s ]
INFO: Run Behavior\ParseTemplateBehavior [ RunTime:0.043970s ]
INFO: [ view_parse ] --END-- [ RunTime:0.044293s ]
INFO: [ view_filter ] --START--
INFO: Run Behavior\WriteHtmlCacheBehavior [ RunTime:0.002743s ]
INFO: [ view_filter ] --END-- [ RunTime:0.002914s ]
INFO: [ app_end ] --START--
INFO: Run Behavior\ShowPageTraceBehavior [ RunTime:0.003912s ]
INFO: [ app_end ] --END-- [ RunTime:0.004150s ]

[ 2020-06-18T00:07:30+08:00 ] ::1 /boke/index.php/Home/Cate/index/id/style/jquery.min.js
INFO: [ app_init ] --START--
INFO: Run Behavior\BuildLiteBehavior [ RunTime:0.000049s ]
INFO: [ app_init ] --END-- [ RunTime:0.001859s ]
INFO: [ app_begin ] --START--
INFO: Run Behavior\ReadHtmlCacheBehavior [ RunTime:0.003126s ]
INFO: [ app_begin ] --END-- [ RunTime:0.003445s ]
SQL: SHOW COLUMNS FROM `blog_cate` [ RunTime:0.070988s ]
SQL: SELECT * FROM `blog_cate` ORDER BY sort desc  [ RunTime:0.000970s ]
SQL: SHOW COLUMNS FROM `blog_link` [ RunTime:0.022854s ]
SQL: SELECT * FROM `blog_link` ORDER BY sort desc  [ RunTime:0.001273s ]
SQL: SHOW COLUMNS FROM `blog_article` [ RunTime:0.026801s ]
SQL: SELECT * FROM `blog_article`  [ RunTime:0.001222s ]
SQL: SELECT COUNT(*) AS tp_count FROM `blog_article` WHERE `cateid` = 0 LIMIT 1   [ RunTime:0.000976s ]
NOTIC: [8] Undefined variable: page D:\phpStudy\WWW\boke\Application\Home\Controller\CateController.class.php 第 10 行.
NOTIC: [8] Trying to get property of non-object D:\phpStudy\WWW\boke\Application\Home\Controller\CateController.class.php 第 10 行.
SQL: SELECT * FROM `blog_article` WHERE `cateid` = 0  [ RunTime:0.001150s ]
INFO: [ view_parse ] --START--
INFO: [ template_filter ] --START--
INFO: Run Behavior\ContentReplaceBehavior [ RunTime:0.000298s ]
INFO: [ template_filter ] --END-- [ RunTime:0.000531s ]
INFO: Run Behavior\ParseTemplateBehavior [ RunTime:0.051460s ]
INFO: [ view_parse ] --END-- [ RunTime:0.051794s ]
INFO: [ view_filter ] --START--
INFO: Run Behavior\WriteHtmlCacheBehavior [ RunTime:0.002837s ]
INFO: [ view_filter ] --END-- [ RunTime:0.003070s ]
INFO: [ app_end ] --START--
INFO: Run Behavior\ShowPageTraceBehavior [ RunTime:0.004390s ]
INFO: [ app_end ] --END-- [ RunTime:0.004612s ]

[ 2020-06-18T00:10:03+08:00 ] ::1 /boke/index.php
INFO: [ app_init ] --START--
INFO: Run Behavior\BuildLiteBehavior [ RunTime:0.000086s ]
INFO: [ app_init ] --END-- [ RunTime:0.002829s ]
INFO: [ app_begin ] --START--
INFO: Run Behavior\ReadHtmlCacheBehavior [ RunTime:0.005438s ]
INFO: [ app_begin ] --END-- [ RunTime:0.005815s ]
SQL: SHOW COLUMNS FROM `blog_cate` [ RunTime:0.068638s ]
SQL: SELECT * FROM `blog_cate` ORDER BY sort desc  [ RunTime:0.001014s ]
SQL: SHOW COLUMNS FROM `blog_link` [ RunTime:0.020400s ]
SQL: SELECT * FROM `blog_link` ORDER BY sort desc  [ RunTime:0.001017s ]
SQL: SHOW COLUMNS FROM `blog_article` [ RunTime:0.019920s ]
SQL: SELECT * FROM `blog_article`  [ RunTime:0.001012s ]
SQL: SELECT COUNT(*) AS tp_count FROM `blog_article` LIMIT 1   [ RunTime:0.000579s ]
NOTIC: [8] Undefined variable: page D:\phpStudy\WWW\boke\Application\Home\Controller\IndexController.class.php 第 10 行.
NOTIC: [8] Trying to get property of non-object D:\phpStudy\WWW\boke\Application\Home\Controller\IndexController.class.php 第 10 行.
SQL: SELECT * FROM `blog_article`  [ RunTime:0.000939s ]
INFO: [ view_parse ] --START--
INFO: [ template_filter ] --START--
INFO: Run Behavior\ContentReplaceBehavior [ RunTime:0.000273s ]
INFO: [ template_filter ] --END-- [ RunTime:0.000498s ]
INFO: Run Behavior\ParseTemplateBehavior [ RunTime:0.046224s ]
INFO: [ view_parse ] --END-- [ RunTime:0.046502s ]
INFO: [ view_filter ] --START--
INFO: Run Behavior\WriteHtmlCacheBehavior [ RunTime:0.003142s ]
INFO: [ view_filter ] --END-- [ RunTime:0.003422s ]
INFO: [ app_end ] --START--
INFO: Run Behavior\ShowPageTraceBehavior [ RunTime:0.004766s ]
INFO: [ app_end ] --END-- [ RunTime:0.005032s ]

[ 2020-06-18T08:10:36+08:00 ] ::1 /boke/index.php?debug_host=10.253.76.90%2C127.0.0.1&start_debug=1&debug_port=10000&original_url=http%3A%2F%2Flocalhost%3A8080%2Fboke%2Findex.php&send_sess_end=1&debug_stop=1&debug_start_session=1&debug_no_cache=1592439031702&debug_session_id=1000
INFO: [ app_init ] --START--
INFO: Run Behavior\BuildLiteBehavior [ RunTime:0.000052s ]
INFO: [ app_init ] --END-- [ RunTime:0.003978s ]
INFO: [ app_begin ] --START--
INFO: Run Behavior\ReadHtmlCacheBehavior [ RunTime:0.004479s ]
INFO: [ app_begin ] --END-- [ RunTime:0.004856s ]
SQL: SHOW COLUMNS FROM `blog_cate` [ RunTime:0.026566s ]
SQL: SELECT * FROM `blog_cate` ORDER BY sort desc  [ RunTime:0.001491s ]
SQL: SHOW COLUMNS FROM `blog_link` [ RunTime:0.019034s ]
SQL: SELECT * FROM `blog_link` ORDER BY sort desc  [ RunTime:0.000932s ]
SQL: SHOW COLUMNS FROM `blog_article` [ RunTime:0.018101s ]
SQL: SELECT * FROM `blog_article`  [ RunTime:0.001321s ]
SQL: SELECT COUNT(*) AS tp_count FROM `blog_article` LIMIT 1   [ RunTime:0.001608s ]
NOTIC: [8] Undefined variable: page D:\phpStudy\WWW\boke\Application\Home\Controller\IndexController.class.php 第 10 行.
NOTIC: [8] Trying to get property of non-object D:\phpStudy\WWW\boke\Application\Home\Controller\IndexController.class.php 第 10 行.
SQL: SELECT * FROM `blog_article`  [ RunTime:0.000797s ]
INFO: [ view_parse ] --START--
INFO: [ template_filter ] --START--
INFO: Run Behavior\ContentReplaceBehavior [ RunTime:0.000233s ]
INFO: [ template_filter ] --END-- [ RunTime:0.000407s ]
INFO: Run Behavior\ParseTemplateBehavior [ RunTime:0.045628s ]
INFO: [ view_parse ] --END-- [ RunTime:0.045854s ]
INFO: [ view_filter ] --START--
INFO: Run Behavior\WriteHtmlCacheBehavior [ RunTime:0.002392s ]
INFO: [ view_filter ] --END-- [ RunTime:0.002532s ]
INFO: [ app_end ] --START--
INFO: Run Behavior\ShowPageTraceBehavior [ RunTime:0.003027s ]
INFO: [ app_end ] --END-- [ RunTime:0.003396s ]

[ 2020-06-18T08:30:33+08:00 ] ::1 /boke/index.php/
INFO: [ app_init ] --START--
INFO: Run Behavior\BuildLiteBehavior [ RunTime:0.000030s ]
INFO: [ app_init ] --END-- [ RunTime:0.001085s ]
INFO: [ app_begin ] --START--
INFO: Run Behavior\ReadHtmlCacheBehavior [ RunTime:0.001758s ]
INFO: [ app_begin ] --END-- [ RunTime:0.001877s ]
SQL: SHOW COLUMNS FROM `blog_cate` [ RunTime:0.061776s ]
SQL: SELECT * FROM `blog_cate` ORDER BY sort desc  [ RunTime:0.000771s ]
SQL: SHOW COLUMNS FROM `blog_link` [ RunTime:0.013819s ]
SQL: SELECT * FROM `blog_link` ORDER BY sort desc  [ RunTime:0.000791s ]
SQL: SHOW COLUMNS FROM `blog_article` [ RunTime:0.014036s ]
SQL: SELECT * FROM `blog_article`  [ RunTime:0.000982s ]
SQL: SELECT COUNT(*) AS tp_count FROM `blog_article` LIMIT 1   [ RunTime:0.000652s ]
NOTIC: [8] Undefined variable: page D:\phpStudy\WWW\boke\Application\Home\Controller\IndexController.class.php 第 10 行.
NOTIC: [8] Trying to get property of non-object D:\phpStudy\WWW\boke\Application\Home\Controller\IndexController.class.php 第 10 行.
SQL: SELECT * FROM `blog_article`  [ RunTime:0.000641s ]
INFO: [ view_parse ] --START--
INFO: [ template_filter ] --START--
INFO: Run Behavior\ContentReplaceBehavior [ RunTime:0.000200s ]
INFO: [ template_filter ] --END-- [ RunTime:0.000335s ]
INFO: Run Behavior\ParseTemplateBehavior [ RunTime:0.030338s ]
INFO: [ view_parse ] --END-- [ RunTime:0.030647s ]
INFO: [ view_filter ] --START--
INFO: Run Behavior\WriteHtmlCacheBehavior [ RunTime:0.002188s ]
INFO: [ view_filter ] --END-- [ RunTime:0.002388s ]
INFO: [ app_end ] --START--
INFO: Run Behavior\ShowPageTraceBehavior [ RunTime:0.002447s ]
INFO: [ app_end ] --END-- [ RunTime:0.002585s ]

[ 2020-06-18T08:34:50+08:00 ] ::1 /boke/index.php/Home/Article/index/id/7
INFO: [ app_init ] --START--
INFO: Run Behavior\BuildLiteBehavior [ RunTime:0.000044s ]
INFO: [ app_init ] --END-- [ RunTime:0.001404s ]
INFO: [ app_begin ] --START--
INFO: Run Behavior\ReadHtmlCacheBehavior [ RunTime:0.002191s ]
INFO: [ app_begin ] --END-- [ RunTime:0.002372s ]
SQL: SHOW COLUMNS FROM `blog_cate` [ RunTime:0.064719s ]
SQL: SELECT * FROM `blog_cate` ORDER BY sort desc  [ RunTime:0.000812s ]
SQL: SHOW COLUMNS FROM `blog_link` [ RunTime:0.015578s ]
SQL: SELECT * FROM `blog_link` ORDER BY sort desc  [ RunTime:0.000792s ]
SQL: SHOW COLUMNS FROM `blog_article` [ RunTime:0.014115s ]
SQL: SELECT * FROM `blog_article`  [ RunTime:0.000710s ]
SQL: SELECT * FROM `blog_article` WHERE `id` = 7 LIMIT 1   [ RunTime:0.000525s ]
SQL: SELECT * FROM `blog_cate` WHERE `id` = 5 LIMIT 1   [ RunTime:0.000470s ]
INFO: [ view_parse ] --START--
INFO: [ template_filter ] --START--
INFO: Run Behavior\ContentReplaceBehavior [ RunTime:0.000202s ]
INFO: [ template_filter ] --END-- [ RunTime:0.000354s ]
INFO: Run Behavior\ParseTemplateBehavior [ RunTime:0.023127s ]
INFO: [ view_parse ] --END-- [ RunTime:0.023343s ]
INFO: [ view_filter ] --START--
INFO: Run Behavior\WriteHtmlCacheBehavior [ RunTime:0.002031s ]
INFO: [ view_filter ] --END-- [ RunTime:0.002207s ]
INFO: [ app_end ] --START--
INFO: Run Behavior\ShowPageTraceBehavior [ RunTime:0.002372s ]
INFO: [ app_end ] --END-- [ RunTime:0.002545s ]

[ 2020-06-18T08:36:41+08:00 ] ::1 /boke/index.php/Home/Article/index/id/7
INFO: [ app_init ] --START--
INFO: Run Behavior\BuildLiteBehavior [ RunTime:0.000046s ]
INFO: [ app_init ] --END-- [ RunTime:0.001755s ]
INFO: [ app_begin ] --START--
INFO: Run Behavior\ReadHtmlCacheBehavior [ RunTime:0.002966s ]
INFO: [ app_begin ] --END-- [ RunTime:0.003168s ]
SQL: SHOW COLUMNS FROM `blog_cate` [ RunTime:0.062210s ]
SQL: SELECT * FROM `blog_cate` ORDER BY sort desc  [ RunTime:0.000781s ]
SQL: SHOW COLUMNS FROM `blog_link` [ RunTime:0.014572s ]
SQL: SELECT * FROM `blog_link` ORDER BY sort desc  [ RunTime:0.000843s ]
SQL: SHOW COLUMNS FROM `blog_article` [ RunTime:0.013506s ]
SQL: SELECT * FROM `blog_article`  [ RunTime:0.000731s ]
SQL: SELECT * FROM `blog_article` WHERE `id` = 7 LIMIT 1   [ RunTime:0.000552s ]
SQL: SELECT * FROM `blog_cate` WHERE `id` = 5 LIMIT 1   [ RunTime:0.000513s ]
INFO: [ view_parse ] --START--
INFO: [ template_filter ] --START--
INFO: Run Behavior\ContentReplaceBehavior [ RunTime:0.000190s ]
INFO: [ template_filter ] --END-- [ RunTime:0.000349s ]
INFO: Run Behavior\ParseTemplateBehavior [ RunTime:0.022567s ]
INFO: [ view_parse ] --END-- [ RunTime:0.022788s ]
INFO: [ view_filter ] --START--
INFO: Run Behavior\WriteHtmlCacheBehavior [ RunTime:0.001895s ]
INFO: [ view_filter ] --END-- [ RunTime:0.002031s ]
INFO: [ app_end ] --START--
INFO: Run Behavior\ShowPageTraceBehavior [ RunTime:0.002773s ]
INFO: [ app_end ] --END-- [ RunTime:0.002938s ]

[ 2020-06-18T08:38:09+08:00 ] ::1 /boke/index.php/Home/Cate/index/id/6
INFO: [ app_init ] --START--
INFO: Run Behavior\BuildLiteBehavior [ RunTime:0.000041s ]
INFO: [ app_init ] --END-- [ RunTime:0.001513s ]
INFO: [ app_begin ] --START--
INFO: Run Behavior\ReadHtmlCacheBehavior [ RunTime:0.002225s ]
INFO: [ app_begin ] --END-- [ RunTime:0.002351s ]
SQL: SHOW COLUMNS FROM `blog_cate` [ RunTime:0.016351s ]
SQL: SELECT * FROM `blog_cate` ORDER BY sort desc  [ RunTime:0.000756s ]
SQL: SHOW COLUMNS FROM `blog_link` [ RunTime:0.013314s ]
SQL: SELECT * FROM `blog_link` ORDER BY sort desc  [ RunTime:0.000750s ]
SQL: SHOW COLUMNS FROM `blog_article` [ RunTime:0.013189s ]
SQL: SELECT * FROM `blog_article`  [ RunTime:0.000966s ]
SQL: SELECT COUNT(*) AS tp_count FROM `blog_article` WHERE `cateid` = 6 LIMIT 1   [ RunTime:0.000737s ]
NOTIC: [8] Undefined variable: page D:\phpStudy\WWW\boke\Application\Home\Controller\CateController.class.php 第 10 行.
NOTIC: [8] Trying to get property of non-object D:\phpStudy\WWW\boke\Application\Home\Controller\CateController.class.php 第 10 行.
SQL: SELECT * FROM `blog_article` WHERE `cateid` = 6  [ RunTime:0.000742s ]
INFO: [ view_parse ] --START--
INFO: [ template_filter ] --START--
INFO: Run Behavior\ContentReplaceBehavior [ RunTime:0.000230s ]
INFO: [ template_filter ] --END-- [ RunTime:0.000445s ]
INFO: Run Behavior\ParseTemplateBehavior [ RunTime:0.033965s ]
INFO: [ view_parse ] --END-- [ RunTime:0.034191s ]
INFO: [ view_filter ] --START--
INFO: Run Behavior\WriteHtmlCacheBehavior [ RunTime:0.002050s ]
INFO: [ view_filter ] --END-- [ RunTime:0.002201s ]
INFO: [ app_end ] --START--
INFO: Run Behavior\ShowPageTraceBehavior [ RunTime:0.004394s ]
INFO: [ app_end ] --END-- [ RunTime:0.004687s ]

[ 2020-06-18T08:38:11+08:00 ] ::1 /boke/index.php/Home/Cate/index/id/style/jquery.min.js
INFO: [ app_init ] --START--
INFO: Run Behavior\BuildLiteBehavior [ RunTime:0.000044s ]
INFO: [ app_init ] --END-- [ RunTime:0.001741s ]
INFO: [ app_begin ] --START--
INFO: Run Behavior\ReadHtmlCacheBehavior [ RunTime:0.002444s ]
INFO: [ app_begin ] --END-- [ RunTime:0.002630s ]
SQL: SHOW COLUMNS FROM `blog_cate` [ RunTime:0.062518s ]
SQL: SELECT * FROM `blog_cate` ORDER BY sort desc  [ RunTime:0.000789s ]
SQL: SHOW COLUMNS FROM `blog_link` [ RunTime:0.013805s ]
SQL: SELECT * FROM `blog_link` ORDER BY sort desc  [ RunTime:0.000910s ]
SQL: SHOW COLUMNS FROM `blog_article` [ RunTime:0.016662s ]
SQL: SELECT * FROM `blog_article`  [ RunTime:0.001045s ]
SQL: SELECT COUNT(*) AS tp_count FROM `blog_article` WHERE `cateid` = 0 LIMIT 1   [ RunTime:0.000714s ]
NOTIC: [8] Undefined variable: page D:\phpStudy\WWW\boke\Application\Home\Controller\CateController.class.php 第 10 行.
NOTIC: [8] Trying to get property of non-object D:\phpStudy\WWW\boke\Application\Home\Controller\CateController.class.php 第 10 行.
SQL: SELECT * FROM `blog_article` WHERE `cateid` = 0  [ RunTime:0.000695s ]
INFO: [ view_parse ] --START--
INFO: [ template_filter ] --START--
INFO: Run Behavior\ContentReplaceBehavior [ RunTime:0.000261s ]
INFO: [ template_filter ] --END-- [ RunTime:0.000450s ]
INFO: Run Behavior\ParseTemplateBehavior [ RunTime:0.036373s ]
INFO: [ view_parse ] --END-- [ RunTime:0.036607s ]
INFO: [ view_filter ] --START--
INFO: Run Behavior\WriteHtmlCacheBehavior [ RunTime:0.001665s ]
INFO: [ view_filter ] --END-- [ RunTime:0.001815s ]
INFO: [ app_end ] --START--
INFO: Run Behavior\ShowPageTraceBehavior [ RunTime:0.002720s ]
INFO: [ app_end ] --END-- [ RunTime:0.002885s ]

[ 2020-06-18T08:38:20+08:00 ] ::1 /boke/index.php/Home/Cate/index/id/4
INFO: [ app_init ] --START--
INFO: Run Behavior\BuildLiteBehavior [ RunTime:0.000058s ]
INFO: [ app_init ] --END-- [ RunTime:0.001937s ]
INFO: [ app_begin ] --START--
INFO: Run Behavior\ReadHtmlCacheBehavior [ RunTime:0.002794s ]
INFO: [ app_begin ] --END-- [ RunTime:0.003023s ]
SQL: SHOW COLUMNS FROM `blog_cate` [ RunTime:0.063371s ]
SQL: SELECT * FROM `blog_cate` ORDER BY sort desc  [ RunTime:0.000780s ]
SQL: SHOW COLUMNS FROM `blog_link` [ RunTime:0.014561s ]
SQL: SELECT * FROM `blog_link` ORDER BY sort desc  [ RunTime:0.000874s ]
SQL: SHOW COLUMNS FROM `blog_article` [ RunTime:0.013727s ]
SQL: SELECT * FROM `blog_article`  [ RunTime:0.000736s ]
SQL: SELECT COUNT(*) AS tp_count FROM `blog_article` WHERE `cateid` = 4 LIMIT 1   [ RunTime:0.000576s ]
NOTIC: [8] Undefined variable: page D:\phpStudy\WWW\boke\Application\Home\Controller\CateController.class.php 第 10 行.
NOTIC: [8] Trying to get property of non-object D:\phpStudy\WWW\boke\Application\Home\Controller\CateController.class.php 第 10 行.
SQL: SELECT * FROM `blog_article` WHERE `cateid` = 4  [ RunTime:0.000600s ]
INFO: [ view_parse ] --START--
INFO: [ template_filter ] --START--
INFO: Run Behavior\ContentReplaceBehavior [ RunTime:0.000205s ]
INFO: [ template_filter ] --END-- [ RunTime:0.000392s ]
INFO: Run Behavior\ParseTemplateBehavior [ RunTime:0.029972s ]
INFO: [ view_parse ] --END-- [ RunTime:0.030184s ]
INFO: [ view_filter ] --START--
INFO: Run Behavior\WriteHtmlCacheBehavior [ RunTime:0.001597s ]
INFO: [ view_filter ] --END-- [ RunTime:0.001731s ]
INFO: [ app_end ] --START--
INFO: Run Behavior\ShowPageTraceBehavior [ RunTime:0.002144s ]
INFO: [ app_end ] --END-- [ RunTime:0.002292s ]

[ 2020-06-18T08:38:22+08:00 ] ::1 /boke/index.php/Home/Cate/index/id/style/jquery.min.js
INFO: [ app_init ] --START--
INFO: Run Behavior\BuildLiteBehavior [ RunTime:0.000040s ]
INFO: [ app_init ] --END-- [ RunTime:0.001427s ]
INFO: [ app_begin ] --START--
INFO: Run Behavior\ReadHtmlCacheBehavior [ RunTime:0.002154s ]
INFO: [ app_begin ] --END-- [ RunTime:0.002341s ]
SQL: SHOW COLUMNS FROM `blog_cate` [ RunTime:0.058196s ]
SQL: SELECT * FROM `blog_cate` ORDER BY sort desc  [ RunTime:0.000934s ]
SQL: SHOW COLUMNS FROM `blog_link` [ RunTime:0.021259s ]
SQL: SELECT * FROM `blog_link` ORDER BY sort desc  [ RunTime:0.001036s ]
SQL: SHOW COLUMNS FROM `blog_article` [ RunTime:0.019550s ]
SQL: SELECT * FROM `blog_article`  [ RunTime:0.001004s ]
SQL: SELECT COUNT(*) AS tp_count FROM `blog_article` WHERE `cateid` = 0 LIMIT 1   [ RunTime:0.000954s ]
NOTIC: [8] Undefined variable: page D:\phpStudy\WWW\boke\Application\Home\Controller\CateController.class.php 第 10 行.
NOTIC: [8] Trying to get property of non-object D:\phpStudy\WWW\boke\Application\Home\Controller\CateController.class.php 第 10 行.
SQL: SELECT * FROM `blog_article` WHERE `cateid` = 0  [ RunTime:0.001033s ]
INFO: [ view_parse ] --START--
INFO: [ template_filter ] --START--
INFO: Run Behavior\ContentReplaceBehavior [ RunTime:0.000236s ]
INFO: [ template_filter ] --END-- [ RunTime:0.000593s ]
INFO: Run Behavior\ParseTemplateBehavior [ RunTime:0.059993s ]
INFO: [ view_parse ] --END-- [ RunTime:0.060243s ]
INFO: [ view_filter ] --START--
INFO: Run Behavior\WriteHtmlCacheBehavior [ RunTime:0.001780s ]
INFO: [ view_filter ] --END-- [ RunTime:0.001931s ]
INFO: [ app_end ] --START--
INFO: Run Behavior\ShowPageTraceBehavior [ RunTime:0.003653s ]
INFO: [ app_end ] --END-- [ RunTime:0.003822s ]

[ 2020-06-18T08:38:28+08:00 ] ::1 /boke/index.php/Home/Article/index/id/1
INFO: [ app_init ] --START--
INFO: Run Behavior\BuildLiteBehavior [ RunTime:0.000048s ]
INFO: [ app_init ] --END-- [ RunTime:0.001648s ]
INFO: [ app_begin ] --START--
INFO: Run Behavior\ReadHtmlCacheBehavior [ RunTime:0.002975s ]
INFO: [ app_begin ] --END-- [ RunTime:0.003190s ]
SQL: SHOW COLUMNS FROM `blog_cate` [ RunTime:0.063146s ]
SQL: SELECT * FROM `blog_cate` ORDER BY sort desc  [ RunTime:0.000951s ]
SQL: SHOW COLUMNS FROM `blog_link` [ RunTime:0.016460s ]
SQL: SELECT * FROM `blog_link` ORDER BY sort desc  [ RunTime:0.000849s ]
SQL: SHOW COLUMNS FROM `blog_article` [ RunTime:0.016332s ]
SQL: SELECT * FROM `blog_article`  [ RunTime:0.001017s ]
SQL: SELECT * FROM `blog_article` WHERE `id` = 1 LIMIT 1   [ RunTime:0.000983s ]
SQL: SELECT * FROM `blog_cate` WHERE `id` = 4 LIMIT 1   [ RunTime:0.000727s ]
INFO: [ view_parse ] --START--
INFO: [ template_filter ] --START--
INFO: Run Behavior\ContentReplaceBehavior [ RunTime:0.000222s ]
INFO: [ template_filter ] --END-- [ RunTime:0.000408s ]
INFO: Run Behavior\ParseTemplateBehavior [ RunTime:0.025827s ]
INFO: [ view_parse ] --END-- [ RunTime:0.026209s ]
INFO: [ view_filter ] --START--
INFO: Run Behavior\WriteHtmlCacheBehavior [ RunTime:0.001863s ]
INFO: [ view_filter ] --END-- [ RunTime:0.002029s ]
INFO: [ app_end ] --START--
INFO: Run Behavior\ShowPageTraceBehavior [ RunTime:0.002985s ]
INFO: [ app_end ] --END-- [ RunTime:0.003166s ]

[ 2020-06-18T08:39:01+08:00 ] ::1 /boke/index.php/Home/Cate/index/id/5
INFO: [ app_init ] --START--
INFO: Run Behavior\BuildLiteBehavior [ RunTime:0.000059s ]
INFO: [ app_init ] --END-- [ RunTime:0.001911s ]
INFO: [ app_begin ] --START--
INFO: Run Behavior\ReadHtmlCacheBehavior [ RunTime:0.002907s ]
INFO: [ app_begin ] --END-- [ RunTime:0.003143s ]
SQL: SHOW COLUMNS FROM `blog_cate` [ RunTime:0.061472s ]
SQL: SELECT * FROM `blog_cate` ORDER BY sort desc  [ RunTime:0.000852s ]
SQL: SHOW COLUMNS FROM `blog_link` [ RunTime:0.013423s ]
SQL: SELECT * FROM `blog_link` ORDER BY sort desc  [ RunTime:0.000900s ]
SQL: SHOW COLUMNS FROM `blog_article` [ RunTime:0.011920s ]
SQL: SELECT * FROM `blog_article`  [ RunTime:0.000768s ]
SQL: SELECT COUNT(*) AS tp_count FROM `blog_article` WHERE `cateid` = 5 LIMIT 1   [ RunTime:0.000556s ]
NOTIC: [8] Undefined variable: page D:\phpStudy\WWW\boke\Application\Home\Controller\CateController.class.php 第 10 行.
NOTIC: [8] Trying to get property of non-object D:\phpStudy\WWW\boke\Application\Home\Controller\CateController.class.php 第 10 行.
SQL: SELECT * FROM `blog_article` WHERE `cateid` = 5  [ RunTime:0.000538s ]
INFO: [ view_parse ] --START--
INFO: [ template_filter ] --START--
INFO: Run Behavior\ContentReplaceBehavior [ RunTime:0.000190s ]
INFO: [ template_filter ] --END-- [ RunTime:0.000361s ]
INFO: Run Behavior\ParseTemplateBehavior [ RunTime:0.026352s ]
INFO: [ view_parse ] --END-- [ RunTime:0.026545s ]
INFO: [ view_filter ] --START--
INFO: Run Behavior\WriteHtmlCacheBehavior [ RunTime:0.001713s ]
INFO: [ view_filter ] --END-- [ RunTime:0.001835s ]
INFO: [ app_end ] --START--
INFO: Run Behavior\ShowPageTraceBehavior [ RunTime:0.002261s ]
INFO: [ app_end ] --END-- [ RunTime:0.002395s ]

[ 2020-06-18T08:39:03+08:00 ] ::1 /boke/index.php/Home/Cate/index/id/style/jquery.min.js
INFO: [ app_init ] --START--
INFO: Run Behavior\BuildLiteBehavior [ RunTime:0.000033s ]
INFO: [ app_init ] --END-- [ RunTime:0.001164s ]
INFO: [ app_begin ] --START--
INFO: Run Behavior\ReadHtmlCacheBehavior [ RunTime:0.002032s ]
INFO: [ app_begin ] --END-- [ RunTime:0.002169s ]
SQL: SHOW COLUMNS FROM `blog_cate` [ RunTime:0.039444s ]
SQL: SELECT * FROM `blog_cate` ORDER BY sort desc  [ RunTime:0.000822s ]
SQL: SHOW COLUMNS FROM `blog_link` [ RunTime:0.021440s ]
SQL: SELECT * FROM `blog_link` ORDER BY sort desc  [ RunTime:0.001217s ]
SQL: SHOW COLUMNS FROM `blog_article` [ RunTime:0.019691s ]
SQL: SELECT * FROM `blog_article`  [ RunTime:0.000988s ]
SQL: SELECT COUNT(*) AS tp_count FROM `blog_article` WHERE `cateid` = 0 LIMIT 1   [ RunTime:0.000787s ]
NOTIC: [8] Undefined variable: page D:\phpStudy\WWW\boke\Application\Home\Controller\CateController.class.php 第 10 行.
NOTIC: [8] Trying to get property of non-object D:\phpStudy\WWW\boke\Application\Home\Controller\CateController.class.php 第 10 行.
SQL: SELECT * FROM `blog_article` WHERE `cateid` = 0  [ RunTime:0.000765s ]
INFO: [ view_parse ] --START--
INFO: [ template_filter ] --START--
INFO: Run Behavior\ContentReplaceBehavior [ RunTime:0.000244s ]
INFO: [ template_filter ] --END-- [ RunTime:0.000419s ]
INFO: Run Behavior\ParseTemplateBehavior [ RunTime:0.045502s ]
INFO: [ view_parse ] --END-- [ RunTime:0.045822s ]
INFO: [ view_filter ] --START--
INFO: Run Behavior\WriteHtmlCacheBehavior [ RunTime:0.001486s ]
INFO: [ view_filter ] --END-- [ RunTime:0.001592s ]
INFO: [ app_end ] --START--
INFO: Run Behavior\ShowPageTraceBehavior [ RunTime:0.002531s ]
INFO: [ app_end ] --END-- [ RunTime:0.002649s ]

[ 2020-06-18T08:39:09+08:00 ] ::1 /boke/index.php/Home/Cate/index/id/9
INFO: [ app_init ] --START--
INFO: Run Behavior\BuildLiteBehavior [ RunTime:0.000063s ]
INFO: [ app_init ] --END-- [ RunTime:0.002064s ]
INFO: [ app_begin ] --START--
INFO: Run Behavior\ReadHtmlCacheBehavior [ RunTime:0.003737s ]
INFO: [ app_begin ] --END-- [ RunTime:0.004010s ]
SQL: SHOW COLUMNS FROM `blog_cate` [ RunTime:0.061874s ]
SQL: SELECT * FROM `blog_cate` ORDER BY sort desc  [ RunTime:0.000766s ]
SQL: SHOW COLUMNS FROM `blog_link` [ RunTime:0.014476s ]
SQL: SELECT * FROM `blog_link` ORDER BY sort desc  [ RunTime:0.000762s ]
SQL: SHOW COLUMNS FROM `blog_article` [ RunTime:0.013356s ]
SQL: SELECT * FROM `blog_article`  [ RunTime:0.000722s ]
SQL: SELECT COUNT(*) AS tp_count FROM `blog_article` WHERE `cateid` = 9 LIMIT 1   [ RunTime:0.000570s ]
NOTIC: [8] Undefined variable: page D:\phpStudy\WWW\boke\Application\Home\Controller\CateController.class.php 第 10 行.
NOTIC: [8] Trying to get property of non-object D:\phpStudy\WWW\boke\Application\Home\Controller\CateController.class.php 第 10 行.
SQL: SELECT * FROM `blog_article` WHERE `cateid` = 9  [ RunTime:0.000620s ]
INFO: [ view_parse ] --START--
INFO: [ template_filter ] --START--
INFO: Run Behavior\ContentReplaceBehavior [ RunTime:0.000224s ]
INFO: [ template_filter ] --END-- [ RunTime:0.000369s ]
INFO: Run Behavior\ParseTemplateBehavior [ RunTime:0.031212s ]
INFO: [ view_parse ] --END-- [ RunTime:0.031440s ]
INFO: [ view_filter ] --START--
INFO: Run Behavior\WriteHtmlCacheBehavior [ RunTime:0.002189s ]
INFO: [ view_filter ] --END-- [ RunTime:0.002457s ]
INFO: [ app_end ] --START--
INFO: Run Behavior\ShowPageTraceBehavior [ RunTime:0.002931s ]
INFO: [ app_end ] --END-- [ RunTime:0.003100s ]

[ 2020-06-18T08:39:12+08:00 ] ::1 /boke/index.php/Home/Cate/index/id/style/jquery.min.js
INFO: [ app_init ] --START--
INFO: Run Behavior\BuildLiteBehavior [ RunTime:0.000047s ]
INFO: [ app_init ] --END-- [ RunTime:0.001627s ]
INFO: [ app_begin ] --START--
INFO: Run Behavior\ReadHtmlCacheBehavior [ RunTime:0.002882s ]
INFO: [ app_begin ] --END-- [ RunTime:0.003084s ]
SQL: SHOW COLUMNS FROM `blog_cate` [ RunTime:0.056994s ]
SQL: SELECT * FROM `blog_cate` ORDER BY sort desc  [ RunTime:0.000919s ]
SQL: SHOW COLUMNS FROM `blog_link` [ RunTime:0.019968s ]
SQL: SELECT * FROM `blog_link` ORDER BY sort desc  [ RunTime:0.000992s ]
SQL: SHOW COLUMNS FROM `blog_article` [ RunTime:0.021848s ]
SQL: SELECT * FROM `blog_article`  [ RunTime:0.001004s ]
SQL: SELECT COUNT(*) AS tp_count FROM `blog_article` WHERE `cateid` = 0 LIMIT 1   [ RunTime:0.000940s ]
NOTIC: [8] Undefined variable: page D:\phpStudy\WWW\boke\Application\Home\Controller\CateController.class.php 第 10 行.
NOTIC: [8] Trying to get property of non-object D:\phpStudy\WWW\boke\Application\Home\Controller\CateController.class.php 第 10 行.
SQL: SELECT * FROM `blog_article` WHERE `cateid` = 0  [ RunTime:0.000933s ]
INFO: [ view_parse ] --START--
INFO: [ template_filter ] --START--
INFO: Run Behavior\ContentReplaceBehavior [ RunTime:0.000218s ]
INFO: [ template_filter ] --END-- [ RunTime:0.000419s ]
INFO: Run Behavior\ParseTemplateBehavior [ RunTime:0.046685s ]
INFO: [ view_parse ] --END-- [ RunTime:0.046940s ]
INFO: [ view_filter ] --START--
INFO: Run Behavior\WriteHtmlCacheBehavior [ RunTime:0.001441s ]
INFO: [ view_filter ] --END-- [ RunTime:0.001572s ]
INFO: [ app_end ] --START--
INFO: Run Behavior\ShowPageTraceBehavior [ RunTime:0.001594s ]
INFO: [ app_end ] --END-- [ RunTime:0.001702s ]

[ 2020-06-18T08:47:56+08:00 ] ::1 /boke/index.php
INFO: [ app_init ] --START--
INFO: Run Behavior\BuildLiteBehavior [ RunTime:0.000029s ]
INFO: [ app_init ] --END-- [ RunTime:0.001025s ]
INFO: [ app_begin ] --START--
INFO: Run Behavior\ReadHtmlCacheBehavior [ RunTime:0.002631s ]
INFO: [ app_begin ] --END-- [ RunTime:0.002889s ]
SQL: SHOW COLUMNS FROM `blog_cate` [ RunTime:0.015619s ]
SQL: SELECT * FROM `blog_cate` ORDER BY sort desc  [ RunTime:0.000773s ]
SQL: SHOW COLUMNS FROM `blog_link` [ RunTime:0.014921s ]
SQL: SELECT * FROM `blog_link` ORDER BY sort desc  [ RunTime:0.000836s ]
SQL: SHOW COLUMNS FROM `blog_article` [ RunTime:0.015415s ]
SQL: SELECT * FROM `blog_article`  [ RunTime:0.000825s ]
SQL: SELECT COUNT(*) AS tp_count FROM `blog_article` LIMIT 1   [ RunTime:0.000495s ]
NOTIC: [8] Undefined variable: page D:\phpStudy\WWW\boke\Application\Home\Controller\IndexController.class.php 第 10 行.
NOTIC: [8] Trying to get property of non-object D:\phpStudy\WWW\boke\Application\Home\Controller\IndexController.class.php 第 10 行.
SQL: SELECT * FROM `blog_article`  [ RunTime:0.000702s ]
INFO: [ view_parse ] --START--
INFO: [ template_filter ] --START--
INFO: Run Behavior\ContentReplaceBehavior [ RunTime:0.000250s ]
INFO: [ template_filter ] --END-- [ RunTime:0.000424s ]
INFO: Run Behavior\ParseTemplateBehavior [ RunTime:0.035572s ]
INFO: [ view_parse ] --END-- [ RunTime:0.035823s ]
INFO: [ view_filter ] --START--
INFO: Run Behavior\WriteHtmlCacheBehavior [ RunTime:0.001889s ]
INFO: [ view_filter ] --END-- [ RunTime:0.002065s ]
INFO: [ app_end ] --START--
INFO: Run Behavior\ShowPageTraceBehavior [ RunTime:0.002690s ]
INFO: [ app_end ] --END-- [ RunTime:0.002874s ]

[ 2020-06-18T09:02:21+08:00 ] ::1 /boke/index.php/
INFO: [ app_init ] --START--
INFO: Run Behavior\BuildLiteBehavior [ RunTime:0.000011s ]
INFO: [ app_init ] --END-- [ RunTime:0.000422s ]
INFO: [ app_begin ] --START--
INFO: Run Behavior\ReadHtmlCacheBehavior [ RunTime:0.000684s ]
INFO: [ app_begin ] --END-- [ RunTime:0.000728s ]
SQL: SHOW COLUMNS FROM `blog_cate` [ RunTime:0.051214s ]
SQL: SELECT * FROM `blog_cate` ORDER BY sort desc  [ RunTime:0.000256s ]
SQL: SHOW COLUMNS FROM `blog_link` [ RunTime:0.003320s ]
SQL: SELECT * FROM `blog_link` ORDER BY sort desc  [ RunTime:0.000226s ]
SQL: SHOW COLUMNS FROM `blog_article` [ RunTime:0.003085s ]
SQL: SELECT * FROM `blog_article`  [ RunTime:0.000219s ]
SQL: SELECT COUNT(*) AS tp_count FROM `blog_article` LIMIT 1   [ RunTime:0.000159s ]
NOTIC: [8] Undefined variable: page D:\phpStudy\WWW\boke\Application\Home\Controller\IndexController.class.php 第 10 行.
NOTIC: [8] Trying to get property of non-object D:\phpStudy\WWW\boke\Application\Home\Controller\IndexController.class.php 第 10 行.
SQL: SELECT * FROM `blog_article`  [ RunTime:0.000190s ]
INFO: [ view_parse ] --START--
INFO: [ template_filter ] --START--
INFO: Run Behavior\ContentReplaceBehavior [ RunTime:0.000054s ]
INFO: [ template_filter ] --END-- [ RunTime:0.000087s ]
INFO: Run Behavior\ParseTemplateBehavior [ RunTime:0.007736s ]
INFO: [ view_parse ] --END-- [ RunTime:0.007794s ]
INFO: [ view_filter ] --START--
INFO: Run Behavior\WriteHtmlCacheBehavior [ RunTime:0.000503s ]
INFO: [ view_filter ] --END-- [ RunTime:0.000536s ]
INFO: [ app_end ] --START--
INFO: Run Behavior\ShowPageTraceBehavior [ RunTime:0.000746s ]
INFO: [ app_end ] --END-- [ RunTime:0.000782s ]

[ 2020-06-18T09:37:33+08:00 ] ::1 /boke/index.php
INFO: [ app_init ] --START--
INFO: Run Behavior\BuildLiteBehavior [ RunTime:0.000052s ]
INFO: [ app_init ] --END-- [ RunTime:0.001106s ]
INFO: [ app_begin ] --START--
INFO: Run Behavior\ReadHtmlCacheBehavior [ RunTime:0.001367s ]
INFO: [ app_begin ] --END-- [ RunTime:0.001466s ]
SQL: SHOW COLUMNS FROM `blog_cate` [ RunTime:0.064269s ]
SQL: SELECT * FROM `blog_cate` ORDER BY sort desc  [ RunTime:0.000576s ]
SQL: SHOW COLUMNS FROM `blog_link` [ RunTime:0.010430s ]
SQL: SELECT * FROM `blog_link` ORDER BY sort desc  [ RunTime:0.000615s ]
SQL: SHOW COLUMNS FROM `blog_article` [ RunTime:0.011281s ]
SQL: SELECT * FROM `blog_article`  [ RunTime:0.000916s ]
SQL: SELECT COUNT(*) AS tp_count FROM `blog_article` LIMIT 1   [ RunTime:0.000418s ]
NOTIC: [8] Undefined variable: page D:\phpStudy\WWW\boke\Application\Home\Controller\IndexController.class.php 第 10 行.
NOTIC: [8] Trying to get property of non-object D:\phpStudy\WWW\boke\Application\Home\Controller\IndexController.class.php 第 10 行.
SQL: SELECT * FROM `blog_article`  [ RunTime:0.000516s ]
INFO: [ view_parse ] --START--
INFO: [ template_filter ] --START--
INFO: Run Behavior\ContentReplaceBehavior [ RunTime:0.000153s ]
INFO: [ template_filter ] --END-- [ RunTime:0.000267s ]
INFO: Run Behavior\ParseTemplateBehavior [ RunTime:0.022755s ]
INFO: [ view_parse ] --END-- [ RunTime:0.022917s ]
INFO: [ view_filter ] --START--
INFO: Run Behavior\WriteHtmlCacheBehavior [ RunTime:0.001413s ]
INFO: [ view_filter ] --END-- [ RunTime:0.001515s ]
INFO: [ app_end ] --START--
INFO: Run Behavior\ShowPageTraceBehavior [ RunTime:0.001840s ]
INFO: [ app_end ] --END-- [ RunTime:0.001985s ]

