[ 2020-06-11T09:23:37+08:00 ] ::1 /boke/index.php
INFO: [ app_init ] --START--
INFO: Run Behavior\BuildLiteBehavior [ RunTime:0.000032s ]
INFO: [ app_init ] --END-- [ RunTime:0.001376s ]
INFO: [ app_begin ] --START--
INFO: Run Behavior\ReadHtmlCacheBehavior [ RunTime:0.001772s ]
INFO: [ app_begin ] --END-- [ RunTime:0.001939s ]
SQL: SHOW COLUMNS FROM `blog_cate` [ RunTime:0.015286s ]
SQL: SELECT * FROM `blog_cate` ORDER BY sort desc  [ RunTime:0.000525s ]
SQL: SHOW COLUMNS FROM `blog_link` [ RunTime:0.011421s ]
SQL: SELECT * FROM `blog_link` ORDER BY sort desc  [ RunTime:0.000583s ]
SQL: SHOW COLUMNS FROM `blog_article` [ RunTime:0.011218s ]
SQL: SELECT * FROM `blog_article`  [ RunTime:0.000944s ]
SQL: SELECT COUNT(*) AS tp_count FROM `blog_article` LIMIT 1   [ RunTime:0.000381s ]
NOTIC: [8] Undefined variable: page D:\phpStudy\WWW\boke\Application\Home\Controller\IndexController.class.php 第 10 行.
NOTIC: [8] Trying to get property of non-object D:\phpStudy\WWW\boke\Application\Home\Controller\IndexController.class.php 第 10 行.
SQL: SELECT * FROM `blog_article`  [ RunTime:0.000409s ]
INFO: [ view_parse ] --START--
INFO: [ template_filter ] --START--
INFO: Run Behavior\ContentReplaceBehavior [ RunTime:0.000149s ]
INFO: [ template_filter ] --END-- [ RunTime:0.000286s ]
INFO: Run Behavior\ParseTemplateBehavior [ RunTime:0.029067s ]
INFO: [ view_parse ] --END-- [ RunTime:0.029210s ]
INFO: [ view_filter ] --START--
INFO: Run Behavior\WriteHtmlCacheBehavior [ RunTime:0.001658s ]
INFO: [ view_filter ] --END-- [ RunTime:0.001757s ]
INFO: [ app_end ] --START--
INFO: Run Behavior\ShowPageTraceBehavior [ RunTime:0.001902s ]
INFO: [ app_end ] --END-- [ RunTime:0.002016s ]

