[ 2020-06-17T21:55:24+08:00 ] ::1 /boke/index.php
INFO: [ app_init ] --START--
INFO: Run Behavior\BuildLiteBehavior [ RunTime:0.000022s ]
INFO: [ app_init ] --END-- [ RunTime:0.001886s ]
INFO: [ app_begin ] --START--
INFO: Run Behavior\ReadHtmlCacheBehavior [ RunTime:0.002147s ]
INFO: [ app_begin ] --END-- [ RunTime:0.002335s ]
SQL: SHOW COLUMNS FROM `blog_cate` [ RunTime:0.018497s ]
SQL: SELECT * FROM `blog_cate` ORDER BY sort desc  [ RunTime:0.000696s ]
SQL: SHOW COLUMNS FROM `blog_link` [ RunTime:0.015564s ]
SQL: SELECT * FROM `blog_link` ORDER BY sort desc  [ RunTime:0.000682s ]
SQL: SHOW COLUMNS FROM `blog_article` [ RunTime:0.015915s ]
SQL: SELECT * FROM `blog_article`  [ RunTime:0.001025s ]
SQL: SELECT COUNT(*) AS tp_count FROM `blog_article` LIMIT 1   [ RunTime:0.000422s ]
NOTIC: [8] Undefined variable: page D:\phpStudy\WWW\boke\Application\Home\Controller\IndexController.class.php 第 10 行.
NOTIC: [8] Trying to get property of non-object D:\phpStudy\WWW\boke\Application\Home\Controller\IndexController.class.php 第 10 行.
SQL: SELECT * FROM `blog_article`  [ RunTime:0.000509s ]
INFO: [ view_parse ] --START--
INFO: [ template_filter ] --START--
INFO: Run Behavior\ContentReplaceBehavior [ RunTime:0.000237s ]
INFO: [ template_filter ] --END-- [ RunTime:0.000471s ]
INFO: Run Behavior\ParseTemplateBehavior [ RunTime:0.064975s ]
INFO: [ view_parse ] --END-- [ RunTime:0.065189s ]
INFO: [ view_filter ] --START--
INFO: Run Behavior\WriteHtmlCacheBehavior [ RunTime:0.004249s ]
INFO: [ view_filter ] --END-- [ RunTime:0.004356s ]
INFO: [ app_end ] --START--
INFO: Run Behavior\ShowPageTraceBehavior [ RunTime:0.004382s ]
INFO: [ app_end ] --END-- [ RunTime:0.004506s ]

[ 2020-06-17T22:01:31+08:00 ] ::1 /boke/index.php
INFO: [ app_init ] --START--
INFO: Run Behavior\BuildLiteBehavior [ RunTime:0.000019s ]
INFO: [ app_init ] --END-- [ RunTime:0.000625s ]
INFO: [ app_begin ] --START--
INFO: Run Behavior\ReadHtmlCacheBehavior [ RunTime:0.000774s ]
INFO: [ app_begin ] --END-- [ RunTime:0.000849s ]
SQL: SHOW COLUMNS FROM `blog_cate` [ RunTime:0.067989s ]
SQL: SELECT * FROM `blog_cate` ORDER BY sort desc  [ RunTime:0.001013s ]
SQL: SHOW COLUMNS FROM `blog_link` [ RunTime:0.021506s ]
SQL: SELECT * FROM `blog_link` ORDER BY sort desc  [ RunTime:0.001277s ]
SQL: SHOW COLUMNS FROM `blog_article` [ RunTime:0.021667s ]
SQL: SELECT * FROM `blog_article`  [ RunTime:0.001052s ]
SQL: SELECT COUNT(*) AS tp_count FROM `blog_article` LIMIT 1   [ RunTime:0.000867s ]
NOTIC: [8] Undefined variable: page D:\phpStudy\WWW\boke\Application\Home\Controller\IndexController.class.php 第 10 行.
NOTIC: [8] Trying to get property of non-object D:\phpStudy\WWW\boke\Application\Home\Controller\IndexController.class.php 第 10 行.
SQL: SELECT * FROM `blog_article`  [ RunTime:0.001256s ]
INFO: [ view_parse ] --START--
INFO: [ template_filter ] --START--
INFO: Run Behavior\ContentReplaceBehavior [ RunTime:0.000821s ]
INFO: [ template_filter ] --END-- [ RunTime:0.001336s ]
INFO: Run Behavior\ParseTemplateBehavior [ RunTime:0.050788s ]
INFO: [ view_parse ] --END-- [ RunTime:0.051091s ]
INFO: [ view_filter ] --START--
INFO: Run Behavior\WriteHtmlCacheBehavior [ RunTime:0.001842s ]
INFO: [ view_filter ] --END-- [ RunTime:0.002033s ]
INFO: [ app_end ] --START--
INFO: Run Behavior\ShowPageTraceBehavior [ RunTime:0.002542s ]
INFO: [ app_end ] --END-- [ RunTime:0.002970s ]

[ 2020-06-17T22:01:37+08:00 ] ::1 /boke/index.php/Home/Cate/index/id/1
INFO: [ app_init ] --START--
INFO: Run Behavior\BuildLiteBehavior [ RunTime:0.000096s ]
INFO: [ app_init ] --END-- [ RunTime:0.002416s ]
INFO: [ app_begin ] --START--
INFO: Run Behavior\ReadHtmlCacheBehavior [ RunTime:0.003081s ]
INFO: [ app_begin ] --END-- [ RunTime:0.003425s ]
SQL: SHOW COLUMNS FROM `blog_cate` [ RunTime:0.065271s ]
SQL: SELECT * FROM `blog_cate` ORDER BY sort desc  [ RunTime:0.000879s ]
SQL: SHOW COLUMNS FROM `blog_link` [ RunTime:0.017762s ]
SQL: SELECT * FROM `blog_link` ORDER BY sort desc  [ RunTime:0.000940s ]
SQL: SHOW COLUMNS FROM `blog_article` [ RunTime:0.016918s ]
SQL: SELECT * FROM `blog_article`  [ RunTime:0.000962s ]
SQL: SELECT COUNT(*) AS tp_count FROM `blog_article` WHERE `cateid` = 1 LIMIT 1   [ RunTime:0.000819s ]
NOTIC: [8] Undefined variable: page D:\phpStudy\WWW\boke\Application\Home\Controller\CateController.class.php 第 10 行.
NOTIC: [8] Trying to get property of non-object D:\phpStudy\WWW\boke\Application\Home\Controller\CateController.class.php 第 10 行.
SQL: SELECT * FROM `blog_article` WHERE `cateid` = 1  [ RunTime:0.000861s ]
INFO: [ view_parse ] --START--
INFO: [ template_filter ] --START--
INFO: Run Behavior\ContentReplaceBehavior [ RunTime:0.000283s ]
INFO: [ template_filter ] --END-- [ RunTime:0.000491s ]
INFO: Run Behavior\ParseTemplateBehavior [ RunTime:0.043918s ]
INFO: [ view_parse ] --END-- [ RunTime:0.044288s ]
INFO: [ view_filter ] --START--
INFO: Run Behavior\WriteHtmlCacheBehavior [ RunTime:0.001885s ]
INFO: [ view_filter ] --END-- [ RunTime:0.002088s ]
INFO: [ app_end ] --START--
INFO: Run Behavior\ShowPageTraceBehavior [ RunTime:0.003161s ]
INFO: [ app_end ] --END-- [ RunTime:0.003417s ]

[ 2020-06-17T22:01:39+08:00 ] ::1 /boke/index.php/Home/Cate/index/id/style/jquery.min.js
INFO: [ app_init ] --START--
INFO: Run Behavior\BuildLiteBehavior [ RunTime:0.000081s ]
INFO: [ app_init ] --END-- [ RunTime:0.003015s ]
INFO: [ app_begin ] --START--
INFO: Run Behavior\ReadHtmlCacheBehavior [ RunTime:0.002631s ]
INFO: [ app_begin ] --END-- [ RunTime:0.002913s ]
SQL: SHOW COLUMNS FROM `blog_cate` [ RunTime:0.065573s ]
SQL: SELECT * FROM `blog_cate` ORDER BY sort desc  [ RunTime:0.000771s ]
SQL: SHOW COLUMNS FROM `blog_link` [ RunTime:0.017582s ]
SQL: SELECT * FROM `blog_link` ORDER BY sort desc  [ RunTime:0.001146s ]
SQL: SHOW COLUMNS FROM `blog_article` [ RunTime:0.021212s ]
SQL: SELECT * FROM `blog_article`  [ RunTime:0.001209s ]
SQL: SELECT COUNT(*) AS tp_count FROM `blog_article` WHERE `cateid` = 0 LIMIT 1   [ RunTime:0.000775s ]
NOTIC: [8] Undefined variable: page D:\phpStudy\WWW\boke\Application\Home\Controller\CateController.class.php 第 10 行.
NOTIC: [8] Trying to get property of non-object D:\phpStudy\WWW\boke\Application\Home\Controller\CateController.class.php 第 10 行.
SQL: SELECT * FROM `blog_article` WHERE `cateid` = 0  [ RunTime:0.000775s ]
INFO: [ view_parse ] --START--
INFO: [ template_filter ] --START--
INFO: Run Behavior\ContentReplaceBehavior [ RunTime:0.000265s ]
INFO: [ template_filter ] --END-- [ RunTime:0.000469s ]
INFO: Run Behavior\ParseTemplateBehavior [ RunTime:0.040871s ]
INFO: [ view_parse ] --END-- [ RunTime:0.041148s ]
INFO: [ view_filter ] --START--
INFO: Run Behavior\WriteHtmlCacheBehavior [ RunTime:0.001564s ]
INFO: [ view_filter ] --END-- [ RunTime:0.001735s ]
INFO: [ app_end ] --START--
INFO: Run Behavior\ShowPageTraceBehavior [ RunTime:0.002314s ]
INFO: [ app_end ] --END-- [ RunTime:0.002503s ]

[ 2020-06-17T22:02:01+08:00 ] ::1 /boke/index.php/Home/Cate/index/id/3
INFO: [ app_init ] --START--
INFO: Run Behavior\BuildLiteBehavior [ RunTime:0.000047s ]
INFO: [ app_init ] --END-- [ RunTime:0.001053s ]
INFO: [ app_begin ] --START--
INFO: Run Behavior\ReadHtmlCacheBehavior [ RunTime:0.001180s ]
INFO: [ app_begin ] --END-- [ RunTime:0.001294s ]
SQL: SHOW COLUMNS FROM `blog_cate` [ RunTime:0.068218s ]
SQL: SELECT * FROM `blog_cate` ORDER BY sort desc  [ RunTime:0.001030s ]
SQL: SHOW COLUMNS FROM `blog_link` [ RunTime:0.021219s ]
SQL: SELECT * FROM `blog_link` ORDER BY sort desc  [ RunTime:0.001062s ]
SQL: SHOW COLUMNS FROM `blog_article` [ RunTime:0.021052s ]
SQL: SELECT * FROM `blog_article`  [ RunTime:0.001146s ]
SQL: SELECT COUNT(*) AS tp_count FROM `blog_article` WHERE `cateid` = 3 LIMIT 1   [ RunTime:0.000997s ]
NOTIC: [8] Undefined variable: page D:\phpStudy\WWW\boke\Application\Home\Controller\CateController.class.php 第 10 行.
NOTIC: [8] Trying to get property of non-object D:\phpStudy\WWW\boke\Application\Home\Controller\CateController.class.php 第 10 行.
SQL: SELECT * FROM `blog_article` WHERE `cateid` = 3  [ RunTime:0.000915s ]
INFO: [ view_parse ] --START--
INFO: [ template_filter ] --START--
INFO: Run Behavior\ContentReplaceBehavior [ RunTime:0.000414s ]
INFO: [ template_filter ] --END-- [ RunTime:0.000690s ]
INFO: Run Behavior\ParseTemplateBehavior [ RunTime:0.049517s ]
INFO: [ view_parse ] --END-- [ RunTime:0.049829s ]
INFO: [ view_filter ] --START--
INFO: Run Behavior\WriteHtmlCacheBehavior [ RunTime:0.001634s ]
INFO: [ view_filter ] --END-- [ RunTime:0.001837s ]
INFO: [ app_end ] --START--
INFO: Run Behavior\ShowPageTraceBehavior [ RunTime:0.002683s ]
INFO: [ app_end ] --END-- [ RunTime:0.002897s ]

[ 2020-06-17T22:02:04+08:00 ] ::1 /boke/index.php/Home/Cate/index/id/style/jquery.min.js
INFO: [ app_init ] --START--
INFO: Run Behavior\BuildLiteBehavior [ RunTime:0.000068s ]
INFO: [ app_init ] --END-- [ RunTime:0.002336s ]
INFO: [ app_begin ] --START--
INFO: Run Behavior\ReadHtmlCacheBehavior [ RunTime:0.003059s ]
INFO: [ app_begin ] --END-- [ RunTime:0.003377s ]
SQL: SHOW COLUMNS FROM `blog_cate` [ RunTime:0.069522s ]
SQL: SELECT * FROM `blog_cate` ORDER BY sort desc  [ RunTime:0.001128s ]
SQL: SHOW COLUMNS FROM `blog_link` [ RunTime:0.021314s ]
SQL: SELECT * FROM `blog_link` ORDER BY sort desc  [ RunTime:0.001246s ]
SQL: SHOW COLUMNS FROM `blog_article` [ RunTime:0.023331s ]
SQL: SELECT * FROM `blog_article`  [ RunTime:0.001040s ]
SQL: SELECT COUNT(*) AS tp_count FROM `blog_article` WHERE `cateid` = 0 LIMIT 1   [ RunTime:0.000811s ]
NOTIC: [8] Undefined variable: page D:\phpStudy\WWW\boke\Application\Home\Controller\CateController.class.php 第 10 行.
NOTIC: [8] Trying to get property of non-object D:\phpStudy\WWW\boke\Application\Home\Controller\CateController.class.php 第 10 行.
SQL: SELECT * FROM `blog_article` WHERE `cateid` = 0  [ RunTime:0.000987s ]
INFO: [ view_parse ] --START--
INFO: [ template_filter ] --START--
INFO: Run Behavior\ContentReplaceBehavior [ RunTime:0.000438s ]
INFO: [ template_filter ] --END-- [ RunTime:0.000688s ]
INFO: Run Behavior\ParseTemplateBehavior [ RunTime:0.050992s ]
INFO: [ view_parse ] --END-- [ RunTime:0.051319s ]
INFO: [ view_filter ] --START--
INFO: Run Behavior\WriteHtmlCacheBehavior [ RunTime:0.001948s ]
INFO: [ view_filter ] --END-- [ RunTime:0.002186s ]
INFO: [ app_end ] --START--
INFO: Run Behavior\ShowPageTraceBehavior [ RunTime:0.002668s ]
INFO: [ app_end ] --END-- [ RunTime:0.002978s ]

[ 2020-06-17T22:02:16+08:00 ] ::1 /boke/index.php/Home/Cate/index/id/3
INFO: [ app_init ] --START--
INFO: Run Behavior\BuildLiteBehavior [ RunTime:0.000055s ]
INFO: [ app_init ] --END-- [ RunTime:0.001884s ]
INFO: [ app_begin ] --START--
INFO: Run Behavior\ReadHtmlCacheBehavior [ RunTime:0.003222s ]
INFO: [ app_begin ] --END-- [ RunTime:0.003450s ]
SQL: SHOW COLUMNS FROM `blog_cate` [ RunTime:0.067912s ]
SQL: SELECT * FROM `blog_cate` ORDER BY sort desc  [ RunTime:0.000883s ]
SQL: SHOW COLUMNS FROM `blog_link` [ RunTime:0.021139s ]
SQL: SELECT * FROM `blog_link` ORDER BY sort desc  [ RunTime:0.001099s ]
SQL: SHOW COLUMNS FROM `blog_article` [ RunTime:0.019739s ]
SQL: SELECT * FROM `blog_article`  [ RunTime:0.000996s ]
SQL: SELECT COUNT(*) AS tp_count FROM `blog_article` WHERE `cateid` = 3 LIMIT 1   [ RunTime:0.000740s ]
NOTIC: [8] Undefined variable: page D:\phpStudy\WWW\boke\Application\Home\Controller\CateController.class.php 第 10 行.
NOTIC: [8] Trying to get property of non-object D:\phpStudy\WWW\boke\Application\Home\Controller\CateController.class.php 第 10 行.
SQL: SELECT * FROM `blog_article` WHERE `cateid` = 3  [ RunTime:0.000977s ]
INFO: [ view_parse ] --START--
INFO: [ template_filter ] --START--
INFO: Run Behavior\ContentReplaceBehavior [ RunTime:0.000328s ]
INFO: [ template_filter ] --END-- [ RunTime:0.000640s ]
INFO: Run Behavior\ParseTemplateBehavior [ RunTime:0.050737s ]
INFO: [ view_parse ] --END-- [ RunTime:0.051101s ]
INFO: [ view_filter ] --START--
INFO: Run Behavior\WriteHtmlCacheBehavior [ RunTime:0.002183s ]
INFO: [ view_filter ] --END-- [ RunTime:0.002446s ]
INFO: [ app_end ] --START--
INFO: Run Behavior\ShowPageTraceBehavior [ RunTime:0.004011s ]
INFO: [ app_end ] --END-- [ RunTime:0.004308s ]

[ 2020-06-17T22:02:18+08:00 ] ::1 /boke/index.php/Home/Cate/index/id/style/jquery.min.js
INFO: [ app_init ] --START--
INFO: Run Behavior\BuildLiteBehavior [ RunTime:0.000136s ]
INFO: [ app_init ] --END-- [ RunTime:0.002313s ]
INFO: [ app_begin ] --START--
INFO: Run Behavior\ReadHtmlCacheBehavior [ RunTime:0.003800s ]
INFO: [ app_begin ] --END-- [ RunTime:0.004221s ]
SQL: SHOW COLUMNS FROM `blog_cate` [ RunTime:0.067092s ]
SQL: SELECT * FROM `blog_cate` ORDER BY sort desc  [ RunTime:0.001058s ]
SQL: SHOW COLUMNS FROM `blog_link` [ RunTime:0.021488s ]
SQL: SELECT * FROM `blog_link` ORDER BY sort desc  [ RunTime:0.001105s ]
SQL: SHOW COLUMNS FROM `blog_article` [ RunTime:0.021265s ]
SQL: SELECT * FROM `blog_article`  [ RunTime:0.001027s ]
SQL: SELECT COUNT(*) AS tp_count FROM `blog_article` WHERE `cateid` = 0 LIMIT 1   [ RunTime:0.000775s ]
NOTIC: [8] Undefined variable: page D:\phpStudy\WWW\boke\Application\Home\Controller\CateController.class.php 第 10 行.
NOTIC: [8] Trying to get property of non-object D:\phpStudy\WWW\boke\Application\Home\Controller\CateController.class.php 第 10 行.
SQL: SELECT * FROM `blog_article` WHERE `cateid` = 0  [ RunTime:0.001261s ]
INFO: [ view_parse ] --START--
INFO: [ template_filter ] --START--
INFO: Run Behavior\ContentReplaceBehavior [ RunTime:0.000378s ]
INFO: [ template_filter ] --END-- [ RunTime:0.000623s ]
INFO: Run Behavior\ParseTemplateBehavior [ RunTime:0.046736s ]
INFO: [ view_parse ] --END-- [ RunTime:0.047060s ]
INFO: [ view_filter ] --START--
INFO: Run Behavior\WriteHtmlCacheBehavior [ RunTime:0.001807s ]
INFO: [ view_filter ] --END-- [ RunTime:0.002124s ]
INFO: [ app_end ] --START--
INFO: Run Behavior\ShowPageTraceBehavior [ RunTime:0.003373s ]
INFO: [ app_end ] --END-- [ RunTime:0.003727s ]

[ 2020-06-17T22:02:27+08:00 ] ::1 /boke/index.php/Home/Cate/index/id/2
INFO: [ app_init ] --START--
INFO: Run Behavior\BuildLiteBehavior [ RunTime:0.000056s ]
INFO: [ app_init ] --END-- [ RunTime:0.000937s ]
INFO: [ app_begin ] --START--
INFO: Run Behavior\ReadHtmlCacheBehavior [ RunTime:0.001277s ]
INFO: [ app_begin ] --END-- [ RunTime:0.001392s ]
SQL: SHOW COLUMNS FROM `blog_cate` [ RunTime:0.063460s ]
SQL: SELECT * FROM `blog_cate` ORDER BY sort desc  [ RunTime:0.000866s ]
SQL: SHOW COLUMNS FROM `blog_link` [ RunTime:0.015006s ]
SQL: SELECT * FROM `blog_link` ORDER BY sort desc  [ RunTime:0.000915s ]
SQL: SHOW COLUMNS FROM `blog_article` [ RunTime:0.016938s ]
SQL: SELECT * FROM `blog_article`  [ RunTime:0.000925s ]
SQL: SELECT COUNT(*) AS tp_count FROM `blog_article` WHERE `cateid` = 2 LIMIT 1   [ RunTime:0.000626s ]
NOTIC: [8] Undefined variable: page D:\phpStudy\WWW\boke\Application\Home\Controller\CateController.class.php 第 10 行.
NOTIC: [8] Trying to get property of non-object D:\phpStudy\WWW\boke\Application\Home\Controller\CateController.class.php 第 10 行.
SQL: SELECT * FROM `blog_article` WHERE `cateid` = 2  [ RunTime:0.000638s ]
INFO: [ view_parse ] --START--
INFO: [ template_filter ] --START--
INFO: Run Behavior\ContentReplaceBehavior [ RunTime:0.000373s ]
INFO: [ template_filter ] --END-- [ RunTime:0.000716s ]
INFO: Run Behavior\ParseTemplateBehavior [ RunTime:0.037898s ]
INFO: [ view_parse ] --END-- [ RunTime:0.038286s ]
INFO: [ view_filter ] --START--
INFO: Run Behavior\WriteHtmlCacheBehavior [ RunTime:0.002060s ]
INFO: [ view_filter ] --END-- [ RunTime:0.002256s ]
INFO: [ app_end ] --START--
INFO: Run Behavior\ShowPageTraceBehavior [ RunTime:0.002792s ]
INFO: [ app_end ] --END-- [ RunTime:0.003051s ]

[ 2020-06-17T22:02:29+08:00 ] ::1 /boke/index.php/Home/Cate/index/id/style/jquery.min.js
INFO: [ app_init ] --START--
INFO: Run Behavior\BuildLiteBehavior [ RunTime:0.000095s ]
INFO: [ app_init ] --END-- [ RunTime:0.002755s ]
INFO: [ app_begin ] --START--
INFO: Run Behavior\ReadHtmlCacheBehavior [ RunTime:0.002813s ]
INFO: [ app_begin ] --END-- [ RunTime:0.003121s ]
SQL: SHOW COLUMNS FROM `blog_cate` [ RunTime:0.069451s ]
SQL: SELECT * FROM `blog_cate` ORDER BY sort desc  [ RunTime:0.001151s ]
SQL: SHOW COLUMNS FROM `blog_link` [ RunTime:0.022001s ]
SQL: SELECT * FROM `blog_link` ORDER BY sort desc  [ RunTime:0.001348s ]
SQL: SHOW COLUMNS FROM `blog_article` [ RunTime:0.021389s ]
SQL: SELECT * FROM `blog_article`  [ RunTime:0.001113s ]
SQL: SELECT COUNT(*) AS tp_count FROM `blog_article` WHERE `cateid` = 0 LIMIT 1   [ RunTime:0.000771s ]
NOTIC: [8] Undefined variable: page D:\phpStudy\WWW\boke\Application\Home\Controller\CateController.class.php 第 10 行.
NOTIC: [8] Trying to get property of non-object D:\phpStudy\WWW\boke\Application\Home\Controller\CateController.class.php 第 10 行.
SQL: SELECT * FROM `blog_article` WHERE `cateid` = 0  [ RunTime:0.001438s ]
INFO: [ view_parse ] --START--
INFO: [ template_filter ] --START--
INFO: Run Behavior\ContentReplaceBehavior [ RunTime:0.000451s ]
INFO: [ template_filter ] --END-- [ RunTime:0.000807s ]
INFO: Run Behavior\ParseTemplateBehavior [ RunTime:0.051300s ]
INFO: [ view_parse ] --END-- [ RunTime:0.051745s ]
INFO: [ view_filter ] --START--
INFO: Run Behavior\WriteHtmlCacheBehavior [ RunTime:0.001694s ]
INFO: [ view_filter ] --END-- [ RunTime:0.001901s ]
INFO: [ app_end ] --START--
INFO: Run Behavior\ShowPageTraceBehavior [ RunTime:0.004373s ]
INFO: [ app_end ] --END-- [ RunTime:0.004630s ]

[ 2020-06-17T22:06:49+08:00 ] ::1 /boke/index.php
INFO: [ app_init ] --START--
INFO: Run Behavior\BuildLiteBehavior [ RunTime:0.000023s ]
INFO: [ app_init ] --END-- [ RunTime:0.000794s ]
INFO: [ app_begin ] --START--
INFO: Run Behavior\ReadHtmlCacheBehavior [ RunTime:0.001158s ]
INFO: [ app_begin ] --END-- [ RunTime:0.001257s ]
SQL: SHOW COLUMNS FROM `blog_cate` [ RunTime:0.021815s ]
SQL: SELECT * FROM `blog_cate` ORDER BY sort desc  [ RunTime:0.001162s ]
SQL: SHOW COLUMNS FROM `blog_link` [ RunTime:0.024971s ]
SQL: SELECT * FROM `blog_link` ORDER BY sort desc  [ RunTime:0.001222s ]
SQL: SHOW COLUMNS FROM `blog_article` [ RunTime:0.022722s ]
SQL: SELECT * FROM `blog_article`  [ RunTime:0.001288s ]
SQL: SELECT COUNT(*) AS tp_count FROM `blog_article` LIMIT 1   [ RunTime:0.000539s ]
NOTIC: [8] Undefined variable: page D:\phpStudy\WWW\boke\Application\Home\Controller\IndexController.class.php 第 10 行.
NOTIC: [8] Trying to get property of non-object D:\phpStudy\WWW\boke\Application\Home\Controller\IndexController.class.php 第 10 行.
SQL: SELECT * FROM `blog_article`  [ RunTime:0.001252s ]
INFO: [ view_parse ] --START--
INFO: [ template_filter ] --START--
INFO: Run Behavior\ContentReplaceBehavior [ RunTime:0.000140s ]
INFO: [ template_filter ] --END-- [ RunTime:0.000358s ]
INFO: Run Behavior\ParseTemplateBehavior [ RunTime:0.051297s ]
INFO: [ view_parse ] --END-- [ RunTime:0.051637s ]
INFO: [ view_filter ] --START--
INFO: Run Behavior\WriteHtmlCacheBehavior [ RunTime:0.000753s ]
INFO: [ view_filter ] --END-- [ RunTime:0.000888s ]
INFO: [ app_end ] --START--
INFO: Run Behavior\ShowPageTraceBehavior [ RunTime:0.001760s ]
INFO: [ app_end ] --END-- [ RunTime:0.001979s ]

[ 2020-06-17T22:06:57+08:00 ] ::1 /boke/index.php/Home/Article/index/id/1
INFO: [ app_init ] --START--
INFO: Run Behavior\BuildLiteBehavior [ RunTime:0.000070s ]
INFO: [ app_init ] --END-- [ RunTime:0.002074s ]
INFO: [ app_begin ] --START--
INFO: Run Behavior\ReadHtmlCacheBehavior [ RunTime:0.002593s ]
INFO: [ app_begin ] --END-- [ RunTime:0.002847s ]
SQL: SHOW COLUMNS FROM `blog_cate` [ RunTime:0.069114s ]
SQL: SELECT * FROM `blog_cate` ORDER BY sort desc  [ RunTime:0.000872s ]
SQL: SHOW COLUMNS FROM `blog_link` [ RunTime:0.020510s ]
SQL: SELECT * FROM `blog_link` ORDER BY sort desc  [ RunTime:0.000914s ]
SQL: SHOW COLUMNS FROM `blog_article` [ RunTime:0.020171s ]
SQL: SELECT * FROM `blog_article`  [ RunTime:0.000964s ]
SQL: SELECT * FROM `blog_article` WHERE `id` = 1 LIMIT 1   [ RunTime:0.000916s ]
SQL: SELECT * FROM `blog_cate` WHERE `id` = 1 LIMIT 1   [ RunTime:0.000793s ]
INFO: [ view_parse ] --START--
INFO: [ template_filter ] --START--
INFO: Run Behavior\ContentReplaceBehavior [ RunTime:0.000322s ]
INFO: [ template_filter ] --END-- [ RunTime:0.000523s ]
INFO: Run Behavior\ParseTemplateBehavior [ RunTime:0.030188s ]
INFO: [ view_parse ] --END-- [ RunTime:0.030492s ]
INFO: [ view_filter ] --START--
INFO: Run Behavior\WriteHtmlCacheBehavior [ RunTime:0.002320s ]
INFO: [ view_filter ] --END-- [ RunTime:0.002593s ]
INFO: [ app_end ] --START--
INFO: Run Behavior\ShowPageTraceBehavior [ RunTime:0.003438s ]
INFO: [ app_end ] --END-- [ RunTime:0.003737s ]

[ 2020-06-17T22:07:07+08:00 ] ::1 /boke/index.php/Home/Cate/index/id/1
INFO: [ app_init ] --START--
INFO: Run Behavior\BuildLiteBehavior [ RunTime:0.000056s ]
INFO: [ app_init ] --END-- [ RunTime:0.001912s ]
INFO: [ app_begin ] --START--
INFO: Run Behavior\ReadHtmlCacheBehavior [ RunTime:0.002306s ]
INFO: [ app_begin ] --END-- [ RunTime:0.002566s ]
SQL: SHOW COLUMNS FROM `blog_cate` [ RunTime:0.065127s ]
SQL: SELECT * FROM `blog_cate` ORDER BY sort desc  [ RunTime:0.000821s ]
SQL: SHOW COLUMNS FROM `blog_link` [ RunTime:0.019521s ]
SQL: SELECT * FROM `blog_link` ORDER BY sort desc  [ RunTime:0.001135s ]
SQL: SHOW COLUMNS FROM `blog_article` [ RunTime:0.019127s ]
SQL: SELECT * FROM `blog_article`  [ RunTime:0.000988s ]
SQL: SELECT COUNT(*) AS tp_count FROM `blog_article` WHERE `cateid` = 1 LIMIT 1   [ RunTime:0.000799s ]
NOTIC: [8] Undefined variable: page D:\phpStudy\WWW\boke\Application\Home\Controller\CateController.class.php 第 10 行.
NOTIC: [8] Trying to get property of non-object D:\phpStudy\WWW\boke\Application\Home\Controller\CateController.class.php 第 10 行.
SQL: SELECT * FROM `blog_article` WHERE `cateid` = 1  [ RunTime:0.001142s ]
INFO: [ view_parse ] --START--
INFO: [ template_filter ] --START--
INFO: Run Behavior\ContentReplaceBehavior [ RunTime:0.000354s ]
INFO: [ template_filter ] --END-- [ RunTime:0.000665s ]
INFO: Run Behavior\ParseTemplateBehavior [ RunTime:0.043479s ]
INFO: [ view_parse ] --END-- [ RunTime:0.043829s ]
INFO: [ view_filter ] --START--
INFO: Run Behavior\WriteHtmlCacheBehavior [ RunTime:0.001567s ]
INFO: [ view_filter ] --END-- [ RunTime:0.001782s ]
INFO: [ app_end ] --START--
INFO: Run Behavior\ShowPageTraceBehavior [ RunTime:0.003029s ]
INFO: [ app_end ] --END-- [ RunTime:0.003228s ]

[ 2020-06-17T22:07:09+08:00 ] ::1 /boke/index.php/Home/Cate/index/id/style/jquery.min.js
INFO: [ app_init ] --START--
INFO: Run Behavior\BuildLiteBehavior [ RunTime:0.000093s ]
INFO: [ app_init ] --END-- [ RunTime:0.002617s ]
INFO: [ app_begin ] --START--
INFO: Run Behavior\ReadHtmlCacheBehavior [ RunTime:0.001699s ]
INFO: [ app_begin ] --END-- [ RunTime:0.001916s ]
SQL: SHOW COLUMNS FROM `blog_cate` [ RunTime:0.069207s ]
SQL: SELECT * FROM `blog_cate` ORDER BY sort desc  [ RunTime:0.000904s ]
SQL: SHOW COLUMNS FROM `blog_link` [ RunTime:0.019598s ]
SQL: SELECT * FROM `blog_link` ORDER BY sort desc  [ RunTime:0.001140s ]
SQL: SHOW COLUMNS FROM `blog_article` [ RunTime:0.019261s ]
SQL: SELECT * FROM `blog_article`  [ RunTime:0.000987s ]
SQL: SELECT COUNT(*) AS tp_count FROM `blog_article` WHERE `cateid` = 0 LIMIT 1   [ RunTime:0.000667s ]
NOTIC: [8] Undefined variable: page D:\phpStudy\WWW\boke\Application\Home\Controller\CateController.class.php 第 10 行.
NOTIC: [8] Trying to get property of non-object D:\phpStudy\WWW\boke\Application\Home\Controller\CateController.class.php 第 10 行.
SQL: SELECT * FROM `blog_article` WHERE `cateid` = 0  [ RunTime:0.000747s ]
INFO: [ view_parse ] --START--
INFO: [ template_filter ] --START--
INFO: Run Behavior\ContentReplaceBehavior [ RunTime:0.000393s ]
INFO: [ template_filter ] --END-- [ RunTime:0.000693s ]
INFO: Run Behavior\ParseTemplateBehavior [ RunTime:0.044643s ]
INFO: [ view_parse ] --END-- [ RunTime:0.044968s ]
INFO: [ view_filter ] --START--
INFO: Run Behavior\WriteHtmlCacheBehavior [ RunTime:0.001932s ]
INFO: [ view_filter ] --END-- [ RunTime:0.002136s ]
INFO: [ app_end ] --START--
INFO: Run Behavior\ShowPageTraceBehavior [ RunTime:0.003050s ]
INFO: [ app_end ] --END-- [ RunTime:0.003330s ]

[ 2020-06-17T22:07:14+08:00 ] ::1 /boke/index.php/Home/Cate/index/id/2
INFO: [ app_init ] --START--
INFO: Run Behavior\BuildLiteBehavior [ RunTime:0.000074s ]
INFO: [ app_init ] --END-- [ RunTime:0.002582s ]
INFO: [ app_begin ] --START--
INFO: Run Behavior\ReadHtmlCacheBehavior [ RunTime:0.002655s ]
INFO: [ app_begin ] --END-- [ RunTime:0.002954s ]
SQL: SHOW COLUMNS FROM `blog_cate` [ RunTime:0.032225s ]
SQL: SELECT * FROM `blog_cate` ORDER BY sort desc  [ RunTime:0.000974s ]
SQL: SHOW COLUMNS FROM `blog_link` [ RunTime:0.020521s ]
SQL: SELECT * FROM `blog_link` ORDER BY sort desc  [ RunTime:0.001056s ]
SQL: SHOW COLUMNS FROM `blog_article` [ RunTime:0.020925s ]
SQL: SELECT * FROM `blog_article`  [ RunTime:0.001309s ]
SQL: SELECT COUNT(*) AS tp_count FROM `blog_article` WHERE `cateid` = 2 LIMIT 1   [ RunTime:0.000915s ]
NOTIC: [8] Undefined variable: page D:\phpStudy\WWW\boke\Application\Home\Controller\CateController.class.php 第 10 行.
NOTIC: [8] Trying to get property of non-object D:\phpStudy\WWW\boke\Application\Home\Controller\CateController.class.php 第 10 行.
SQL: SELECT * FROM `blog_article` WHERE `cateid` = 2  [ RunTime:0.000893s ]
INFO: [ view_parse ] --START--
INFO: [ template_filter ] --START--
INFO: Run Behavior\ContentReplaceBehavior [ RunTime:0.000394s ]
INFO: [ template_filter ] --END-- [ RunTime:0.000772s ]
INFO: Run Behavior\ParseTemplateBehavior [ RunTime:0.050363s ]
INFO: [ view_parse ] --END-- [ RunTime:0.050866s ]
INFO: [ view_filter ] --START--
INFO: Run Behavior\WriteHtmlCacheBehavior [ RunTime:0.002178s ]
INFO: [ view_filter ] --END-- [ RunTime:0.002421s ]
INFO: [ app_end ] --START--
INFO: Run Behavior\ShowPageTraceBehavior [ RunTime:0.003974s ]
INFO: [ app_end ] --END-- [ RunTime:0.004262s ]

[ 2020-06-17T22:07:16+08:00 ] ::1 /boke/index.php/Home/Cate/index/id/style/jquery.min.js
INFO: [ app_init ] --START--
INFO: Run Behavior\BuildLiteBehavior [ RunTime:0.000048s ]
INFO: [ app_init ] --END-- [ RunTime:0.001346s ]
INFO: [ app_begin ] --START--
INFO: Run Behavior\ReadHtmlCacheBehavior [ RunTime:0.002037s ]
INFO: [ app_begin ] --END-- [ RunTime:0.002204s ]
SQL: SHOW COLUMNS FROM `blog_cate` [ RunTime:0.068154s ]
SQL: SELECT * FROM `blog_cate` ORDER BY sort desc  [ RunTime:0.001130s ]
SQL: SHOW COLUMNS FROM `blog_link` [ RunTime:0.023011s ]
SQL: SELECT * FROM `blog_link` ORDER BY sort desc  [ RunTime:0.001096s ]
SQL: SHOW COLUMNS FROM `blog_article` [ RunTime:0.020352s ]
SQL: SELECT * FROM `blog_article`  [ RunTime:0.001524s ]
SQL: SELECT COUNT(*) AS tp_count FROM `blog_article` WHERE `cateid` = 0 LIMIT 1   [ RunTime:0.000939s ]
NOTIC: [8] Undefined variable: page D:\phpStudy\WWW\boke\Application\Home\Controller\CateController.class.php 第 10 行.
NOTIC: [8] Trying to get property of non-object D:\phpStudy\WWW\boke\Application\Home\Controller\CateController.class.php 第 10 行.
SQL: SELECT * FROM `blog_article` WHERE `cateid` = 0  [ RunTime:0.001022s ]
INFO: [ view_parse ] --START--
INFO: [ template_filter ] --START--
INFO: Run Behavior\ContentReplaceBehavior [ RunTime:0.000299s ]
INFO: [ template_filter ] --END-- [ RunTime:0.000522s ]
INFO: Run Behavior\ParseTemplateBehavior [ RunTime:0.051192s ]
INFO: [ view_parse ] --END-- [ RunTime:0.051618s ]
INFO: [ view_filter ] --START--
INFO: Run Behavior\WriteHtmlCacheBehavior [ RunTime:0.001749s ]
INFO: [ view_filter ] --END-- [ RunTime:0.001946s ]
INFO: [ app_end ] --START--
INFO: Run Behavior\ShowPageTraceBehavior [ RunTime:0.003156s ]
INFO: [ app_end ] --END-- [ RunTime:0.003445s ]

[ 2020-06-17T23:16:48+08:00 ] ::1 /boke/index.php
INFO: [ app_init ] --START--
INFO: Run Behavior\BuildLiteBehavior [ RunTime:0.000056s ]
INFO: [ app_init ] --END-- [ RunTime:0.001370s ]
INFO: [ app_begin ] --START--
INFO: Run Behavior\ReadHtmlCacheBehavior [ RunTime:0.001544s ]
INFO: [ app_begin ] --END-- [ RunTime:0.001656s ]
SQL: SHOW COLUMNS FROM `blog_cate` [ RunTime:0.065826s ]
SQL: SELECT * FROM `blog_cate` ORDER BY sort desc  [ RunTime:0.000953s ]
SQL: SHOW COLUMNS FROM `blog_link` [ RunTime:0.019064s ]
SQL: SELECT * FROM `blog_link` ORDER BY sort desc  [ RunTime:0.001010s ]
SQL: SHOW COLUMNS FROM `blog_article` [ RunTime:0.017437s ]
SQL: SELECT * FROM `blog_article`  [ RunTime:0.000809s ]
SQL: SELECT COUNT(*) AS tp_count FROM `blog_article` LIMIT 1   [ RunTime:0.000506s ]
NOTIC: [8] Undefined variable: page D:\phpStudy\WWW\boke\Application\Home\Controller\IndexController.class.php 第 10 行.
NOTIC: [8] Trying to get property of non-object D:\phpStudy\WWW\boke\Application\Home\Controller\IndexController.class.php 第 10 行.
SQL: SELECT * FROM `blog_article`  [ RunTime:0.000865s ]
INFO: [ view_parse ] --START--
INFO: [ template_filter ] --START--
INFO: Run Behavior\ContentReplaceBehavior [ RunTime:0.000257s ]
INFO: [ template_filter ] --END-- [ RunTime:0.000528s ]
INFO: Run Behavior\ParseTemplateBehavior [ RunTime:0.042751s ]
INFO: [ view_parse ] --END-- [ RunTime:0.043004s ]
INFO: [ view_filter ] --START--
INFO: Run Behavior\WriteHtmlCacheBehavior [ RunTime:0.002748s ]
INFO: [ view_filter ] --END-- [ RunTime:0.002971s ]
INFO: [ app_end ] --START--
INFO: Run Behavior\ShowPageTraceBehavior [ RunTime:0.003788s ]
INFO: [ app_end ] --END-- [ RunTime:0.004064s ]

[ 2020-06-17T23:17:08+08:00 ] ::1 /boke/index.php/Home/Cate/index/id/10
INFO: [ app_init ] --START--
INFO: Run Behavior\BuildLiteBehavior [ RunTime:0.000046s ]
INFO: [ app_init ] --END-- [ RunTime:0.001748s ]
INFO: [ app_begin ] --START--
INFO: Run Behavior\ReadHtmlCacheBehavior [ RunTime:0.003073s ]
INFO: [ app_begin ] --END-- [ RunTime:0.003395s ]
SQL: SHOW COLUMNS FROM `blog_cate` [ RunTime:0.067027s ]
SQL: SELECT * FROM `blog_cate` ORDER BY sort desc  [ RunTime:0.001003s ]
SQL: SHOW COLUMNS FROM `blog_link` [ RunTime:0.019655s ]
SQL: SELECT * FROM `blog_link` ORDER BY sort desc  [ RunTime:0.001338s ]
SQL: SHOW COLUMNS FROM `blog_article` [ RunTime:0.019346s ]
SQL: SELECT * FROM `blog_article`  [ RunTime:0.001139s ]
SQL: SELECT COUNT(*) AS tp_count FROM `blog_article` WHERE `cateid` = 10 LIMIT 1   [ RunTime:0.000814s ]
NOTIC: [8] Undefined variable: page D:\phpStudy\WWW\boke\Application\Home\Controller\CateController.class.php 第 10 行.
NOTIC: [8] Trying to get property of non-object D:\phpStudy\WWW\boke\Application\Home\Controller\CateController.class.php 第 10 行.
SQL: SELECT * FROM `blog_article` WHERE `cateid` = 10  [ RunTime:0.000808s ]
INFO: [ view_parse ] --START--
INFO: [ template_filter ] --START--
INFO: Run Behavior\ContentReplaceBehavior [ RunTime:0.000290s ]
INFO: [ template_filter ] --END-- [ RunTime:0.000591s ]
INFO: Run Behavior\ParseTemplateBehavior [ RunTime:0.049777s ]
INFO: [ view_parse ] --END-- [ RunTime:0.050079s ]
INFO: [ view_filter ] --START--
INFO: Run Behavior\WriteHtmlCacheBehavior [ RunTime:0.002894s ]
INFO: [ view_filter ] --END-- [ RunTime:0.003170s ]
INFO: [ app_end ] --START--
INFO: Run Behavior\ShowPageTraceBehavior [ RunTime:0.005659s ]
INFO: [ app_end ] --END-- [ RunTime:0.005970s ]

[ 2020-06-17T23:17:10+08:00 ] ::1 /boke/index.php/Home/Cate/index/id/style/jquery.min.js
INFO: [ app_init ] --START--
INFO: Run Behavior\BuildLiteBehavior [ RunTime:0.000057s ]
INFO: [ app_init ] --END-- [ RunTime:0.002403s ]
INFO: [ app_begin ] --START--
INFO: Run Behavior\ReadHtmlCacheBehavior [ RunTime:0.003780s ]
INFO: [ app_begin ] --END-- [ RunTime:0.004027s ]
SQL: SHOW COLUMNS FROM `blog_cate` [ RunTime:0.063479s ]
SQL: SELECT * FROM `blog_cate` ORDER BY sort desc  [ RunTime:0.000641s ]
SQL: SHOW COLUMNS FROM `blog_link` [ RunTime:0.014705s ]
SQL: SELECT * FROM `blog_link` ORDER BY sort desc  [ RunTime:0.000817s ]
SQL: SHOW COLUMNS FROM `blog_article` [ RunTime:0.015138s ]
SQL: SELECT * FROM `blog_article`  [ RunTime:0.000711s ]
SQL: SELECT COUNT(*) AS tp_count FROM `blog_article` WHERE `cateid` = 0 LIMIT 1   [ RunTime:0.000600s ]
NOTIC: [8] Undefined variable: page D:\phpStudy\WWW\boke\Application\Home\Controller\CateController.class.php 第 10 行.
NOTIC: [8] Trying to get property of non-object D:\phpStudy\WWW\boke\Application\Home\Controller\CateController.class.php 第 10 行.
SQL: SELECT * FROM `blog_article` WHERE `cateid` = 0  [ RunTime:0.000620s ]
INFO: [ view_parse ] --START--
INFO: [ template_filter ] --START--
INFO: Run Behavior\ContentReplaceBehavior [ RunTime:0.000316s ]
INFO: [ template_filter ] --END-- [ RunTime:0.000539s ]
INFO: Run Behavior\ParseTemplateBehavior [ RunTime:0.042843s ]
INFO: [ view_parse ] --END-- [ RunTime:0.043110s ]
INFO: [ view_filter ] --START--
INFO: Run Behavior\WriteHtmlCacheBehavior [ RunTime:0.001748s ]
INFO: [ view_filter ] --END-- [ RunTime:0.001908s ]
INFO: [ app_end ] --START--
INFO: Run Behavior\ShowPageTraceBehavior [ RunTime:0.002374s ]
INFO: [ app_end ] --END-- [ RunTime:0.002512s ]

[ 2020-06-17T23:17:16+08:00 ] ::1 /boke/index.php/Home/Cate/index/id/4
INFO: [ app_init ] --START--
INFO: Run Behavior\BuildLiteBehavior [ RunTime:0.000053s ]
INFO: [ app_init ] --END-- [ RunTime:0.002001s ]
INFO: [ app_begin ] --START--
INFO: Run Behavior\ReadHtmlCacheBehavior [ RunTime:0.003557s ]
INFO: [ app_begin ] --END-- [ RunTime:0.003803s ]
SQL: SHOW COLUMNS FROM `blog_cate` [ RunTime:0.029291s ]
SQL: SELECT * FROM `blog_cate` ORDER BY sort desc  [ RunTime:0.000919s ]
SQL: SHOW COLUMNS FROM `blog_link` [ RunTime:0.021631s ]
SQL: SELECT * FROM `blog_link` ORDER BY sort desc  [ RunTime:0.001030s ]
SQL: SHOW COLUMNS FROM `blog_article` [ RunTime:0.020340s ]
SQL: SELECT * FROM `blog_article`  [ RunTime:0.001011s ]
SQL: SELECT COUNT(*) AS tp_count FROM `blog_article` WHERE `cateid` = 4 LIMIT 1   [ RunTime:0.000747s ]
NOTIC: [8] Undefined variable: page D:\phpStudy\WWW\boke\Application\Home\Controller\CateController.class.php 第 10 行.
NOTIC: [8] Trying to get property of non-object D:\phpStudy\WWW\boke\Application\Home\Controller\CateController.class.php 第 10 行.
SQL: SELECT * FROM `blog_article` WHERE `cateid` = 4  [ RunTime:0.000785s ]
INFO: [ view_parse ] --START--
INFO: [ template_filter ] --START--
INFO: Run Behavior\ContentReplaceBehavior [ RunTime:0.000305s ]
INFO: [ template_filter ] --END-- [ RunTime:0.000535s ]
INFO: Run Behavior\ParseTemplateBehavior [ RunTime:0.055630s ]
INFO: [ view_parse ] --END-- [ RunTime:0.056073s ]
INFO: [ view_filter ] --START--
INFO: Run Behavior\WriteHtmlCacheBehavior [ RunTime:0.002909s ]
INFO: [ view_filter ] --END-- [ RunTime:0.003233s ]
INFO: [ app_end ] --START--
INFO: Run Behavior\ShowPageTraceBehavior [ RunTime:0.004040s ]
INFO: [ app_end ] --END-- [ RunTime:0.004247s ]

[ 2020-06-17T23:17:18+08:00 ] ::1 /boke/index.php/Home/Cate/index/id/style/jquery.min.js
INFO: [ app_init ] --START--
INFO: Run Behavior\BuildLiteBehavior [ RunTime:0.000036s ]
INFO: [ app_init ] --END-- [ RunTime:0.001439s ]
INFO: [ app_begin ] --START--
INFO: Run Behavior\ReadHtmlCacheBehavior [ RunTime:0.002411s ]
INFO: [ app_begin ] --END-- [ RunTime:0.002634s ]
SQL: SHOW COLUMNS FROM `blog_cate` [ RunTime:0.070830s ]
SQL: SELECT * FROM `blog_cate` ORDER BY sort desc  [ RunTime:0.001072s ]
SQL: SHOW COLUMNS FROM `blog_link` [ RunTime:0.023783s ]
SQL: SELECT * FROM `blog_link` ORDER BY sort desc  [ RunTime:0.001241s ]
SQL: SHOW COLUMNS FROM `blog_article` [ RunTime:0.024931s ]
SQL: SELECT * FROM `blog_article`  [ RunTime:0.001205s ]
SQL: SELECT COUNT(*) AS tp_count FROM `blog_article` WHERE `cateid` = 0 LIMIT 1   [ RunTime:0.000893s ]
NOTIC: [8] Undefined variable: page D:\phpStudy\WWW\boke\Application\Home\Controller\CateController.class.php 第 10 行.
NOTIC: [8] Trying to get property of non-object D:\phpStudy\WWW\boke\Application\Home\Controller\CateController.class.php 第 10 行.
SQL: SELECT * FROM `blog_article` WHERE `cateid` = 0  [ RunTime:0.000981s ]
INFO: [ view_parse ] --START--
INFO: [ template_filter ] --START--
INFO: Run Behavior\ContentReplaceBehavior [ RunTime:0.000156s ]
INFO: [ template_filter ] --END-- [ RunTime:0.000323s ]
INFO: Run Behavior\ParseTemplateBehavior [ RunTime:0.046857s ]
INFO: [ view_parse ] --END-- [ RunTime:0.047238s ]
INFO: [ view_filter ] --START--
INFO: Run Behavior\WriteHtmlCacheBehavior [ RunTime:0.001648s ]
INFO: [ view_filter ] --END-- [ RunTime:0.001804s ]
INFO: [ app_end ] --START--
INFO: Run Behavior\ShowPageTraceBehavior [ RunTime:0.001928s ]
INFO: [ app_end ] --END-- [ RunTime:0.002037s ]

[ 2020-06-17T23:21:36+08:00 ] ::1 /boke/index.php/
INFO: [ app_init ] --START--
INFO: Run Behavior\BuildLiteBehavior [ RunTime:0.000099s ]
INFO: [ app_init ] --END-- [ RunTime:0.002321s ]
INFO: [ app_begin ] --START--
INFO: Run Behavior\ReadHtmlCacheBehavior [ RunTime:0.003298s ]
INFO: [ app_begin ] --END-- [ RunTime:0.003504s ]
SQL: SHOW COLUMNS FROM `blog_cate` [ RunTime:0.018111s ]
SQL: SELECT * FROM `blog_cate` ORDER BY sort desc  [ RunTime:0.000866s ]
SQL: SHOW COLUMNS FROM `blog_link` [ RunTime:0.018613s ]
SQL: SELECT * FROM `blog_link` ORDER BY sort desc  [ RunTime:0.000874s ]
SQL: SHOW COLUMNS FROM `blog_article` [ RunTime:0.016769s ]
SQL: SELECT * FROM `blog_article`  [ RunTime:0.000936s ]
SQL: SELECT COUNT(*) AS tp_count FROM `blog_article` LIMIT 1   [ RunTime:0.000497s ]
NOTIC: [8] Undefined variable: page D:\phpStudy\WWW\boke\Application\Home\Controller\IndexController.class.php 第 10 行.
NOTIC: [8] Trying to get property of non-object D:\phpStudy\WWW\boke\Application\Home\Controller\IndexController.class.php 第 10 行.
SQL: SELECT * FROM `blog_article`  [ RunTime:0.000800s ]
INFO: [ view_parse ] --START--
INFO: [ template_filter ] --START--
INFO: Run Behavior\ContentReplaceBehavior [ RunTime:0.000251s ]
INFO: [ template_filter ] --END-- [ RunTime:0.000426s ]
INFO: Run Behavior\ParseTemplateBehavior [ RunTime:0.040240s ]
INFO: [ view_parse ] --END-- [ RunTime:0.040559s ]
INFO: [ view_filter ] --START--
INFO: Run Behavior\WriteHtmlCacheBehavior [ RunTime:0.002788s ]
INFO: [ view_filter ] --END-- [ RunTime:0.002955s ]
INFO: [ app_end ] --START--
INFO: Run Behavior\ShowPageTraceBehavior [ RunTime:0.002529s ]
INFO: [ app_end ] --END-- [ RunTime:0.002686s ]

[ 2020-06-17T23:31:51+08:00 ] ::1 /boke/index.php
INFO: [ app_init ] --START--
INFO: Run Behavior\BuildLiteBehavior [ RunTime:0.000019s ]
INFO: [ app_init ] --END-- [ RunTime:0.000700s ]
INFO: [ app_begin ] --START--
INFO: Run Behavior\ReadHtmlCacheBehavior [ RunTime:0.001323s ]
INFO: [ app_begin ] --END-- [ RunTime:0.001425s ]
SQL: SHOW COLUMNS FROM `blog_cate` [ RunTime:0.071127s ]
SQL: SELECT * FROM `blog_cate` ORDER BY sort desc  [ RunTime:0.001276s ]
SQL: SHOW COLUMNS FROM `blog_link` [ RunTime:0.029018s ]
SQL: SELECT * FROM `blog_link` ORDER BY sort desc  [ RunTime:0.001330s ]
SQL: SHOW COLUMNS FROM `blog_article` [ RunTime:0.023943s ]
SQL: SELECT * FROM `blog_article`  [ RunTime:0.000929s ]
SQL: SELECT COUNT(*) AS tp_count FROM `blog_article` LIMIT 1   [ RunTime:0.000515s ]
NOTIC: [8] Undefined variable: page D:\phpStudy\WWW\boke\Application\Home\Controller\IndexController.class.php 第 10 行.
NOTIC: [8] Trying to get property of non-object D:\phpStudy\WWW\boke\Application\Home\Controller\IndexController.class.php 第 10 行.
SQL: SELECT * FROM `blog_article`  [ RunTime:0.000763s ]
INFO: [ view_parse ] --START--
INFO: [ template_filter ] --START--
INFO: Run Behavior\ContentReplaceBehavior [ RunTime:0.000273s ]
INFO: [ template_filter ] --END-- [ RunTime:0.000469s ]
INFO: Run Behavior\ParseTemplateBehavior [ RunTime:0.041741s ]
INFO: [ view_parse ] --END-- [ RunTime:0.042059s ]
INFO: [ view_filter ] --START--
INFO: Run Behavior\WriteHtmlCacheBehavior [ RunTime:0.002832s ]
INFO: [ view_filter ] --END-- [ RunTime:0.003050s ]
INFO: [ app_end ] --START--
INFO: Run Behavior\ShowPageTraceBehavior [ RunTime:0.003618s ]
INFO: [ app_end ] --END-- [ RunTime:0.003923s ]

[ 2020-06-17T23:40:33+08:00 ] ::1 /boke/index.php
INFO: [ app_init ] --START--
INFO: Run Behavior\BuildLiteBehavior [ RunTime:0.000052s ]
INFO: [ app_init ] --END-- [ RunTime:0.002395s ]
INFO: [ app_begin ] --START--
INFO: Run Behavior\ReadHtmlCacheBehavior [ RunTime:0.004067s ]
INFO: [ app_begin ] --END-- [ RunTime:0.004296s ]
SQL: SHOW COLUMNS FROM `blog_cate` [ RunTime:0.073215s ]
SQL: SELECT * FROM `blog_cate` ORDER BY sort desc  [ RunTime:0.001341s ]
SQL: SHOW COLUMNS FROM `blog_link` [ RunTime:0.025874s ]
SQL: SELECT * FROM `blog_link` ORDER BY sort desc  [ RunTime:0.001047s ]
SQL: SHOW COLUMNS FROM `blog_article` [ RunTime:0.020141s ]
SQL: SELECT * FROM `blog_article`  [ RunTime:0.001154s ]
SQL: SELECT COUNT(*) AS tp_count FROM `blog_article` LIMIT 1   [ RunTime:0.000711s ]
NOTIC: [8] Undefined variable: page D:\phpStudy\WWW\boke\Application\Home\Controller\IndexController.class.php 第 10 行.
NOTIC: [8] Trying to get property of non-object D:\phpStudy\WWW\boke\Application\Home\Controller\IndexController.class.php 第 10 行.
SQL: SELECT * FROM `blog_article`  [ RunTime:0.000833s ]
INFO: [ view_parse ] --START--
INFO: [ template_filter ] --START--
INFO: Run Behavior\ContentReplaceBehavior [ RunTime:0.000349s ]
INFO: [ template_filter ] --END-- [ RunTime:0.000572s ]
INFO: Run Behavior\ParseTemplateBehavior [ RunTime:0.058404s ]
INFO: [ view_parse ] --END-- [ RunTime:0.058778s ]
INFO: [ view_filter ] --START--
INFO: Run Behavior\WriteHtmlCacheBehavior [ RunTime:0.002839s ]
INFO: [ view_filter ] --END-- [ RunTime:0.003025s ]
INFO: [ app_end ] --START--
INFO: Run Behavior\ShowPageTraceBehavior [ RunTime:0.003703s ]
INFO: [ app_end ] --END-- [ RunTime:0.003918s ]

[ 2020-06-17T23:47:33+08:00 ] ::1 /boke/index.php
INFO: [ app_init ] --START--
INFO: Run Behavior\BuildLiteBehavior [ RunTime:0.000046s ]
INFO: [ app_init ] --END-- [ RunTime:0.001852s ]
INFO: [ app_begin ] --START--
INFO: Run Behavior\ReadHtmlCacheBehavior [ RunTime:0.003206s ]
INFO: [ app_begin ] --END-- [ RunTime:0.003421s ]
SQL: SHOW COLUMNS FROM `blog_cate` [ RunTime:0.071395s ]
SQL: SELECT * FROM `blog_cate` ORDER BY sort desc  [ RunTime:0.001175s ]
SQL: SHOW COLUMNS FROM `blog_link` [ RunTime:0.020703s ]
SQL: SELECT * FROM `blog_link` ORDER BY sort desc  [ RunTime:0.001124s ]
SQL: SHOW COLUMNS FROM `blog_article` [ RunTime:0.021132s ]
SQL: SELECT * FROM `blog_article`  [ RunTime:0.000878s ]
SQL: SELECT COUNT(*) AS tp_count FROM `blog_article` LIMIT 1   [ RunTime:0.000551s ]
NOTIC: [8] Undefined variable: page D:\phpStudy\WWW\boke\Application\Home\Controller\IndexController.class.php 第 10 行.
NOTIC: [8] Trying to get property of non-object D:\phpStudy\WWW\boke\Application\Home\Controller\IndexController.class.php 第 10 行.
SQL: SELECT * FROM `blog_article`  [ RunTime:0.000723s ]
INFO: [ view_parse ] --START--
INFO: [ template_filter ] --START--
INFO: Run Behavior\ContentReplaceBehavior [ RunTime:0.000252s ]
INFO: [ template_filter ] --END-- [ RunTime:0.000434s ]
INFO: Run Behavior\ParseTemplateBehavior [ RunTime:0.041738s ]
INFO: [ view_parse ] --END-- [ RunTime:0.041994s ]
INFO: [ view_filter ] --START--
INFO: Run Behavior\WriteHtmlCacheBehavior [ RunTime:0.002473s ]
INFO: [ view_filter ] --END-- [ RunTime:0.002641s ]
INFO: [ app_end ] --START--
INFO: Run Behavior\ShowPageTraceBehavior [ RunTime:0.004374s ]
INFO: [ app_end ] --END-- [ RunTime:0.004627s ]

[ 2020-06-17T23:51:22+08:00 ] ::1 /boke/index.php
INFO: [ app_init ] --START--
INFO: Run Behavior\BuildLiteBehavior [ RunTime:0.000054s ]
INFO: [ app_init ] --END-- [ RunTime:0.002276s ]
INFO: [ app_begin ] --START--
INFO: Run Behavior\ReadHtmlCacheBehavior [ RunTime:0.004405s ]
INFO: [ app_begin ] --END-- [ RunTime:0.004663s ]
SQL: SHOW COLUMNS FROM `blog_cate` [ RunTime:0.071655s ]
SQL: SELECT * FROM `blog_cate` ORDER BY sort desc  [ RunTime:0.001082s ]
SQL: SHOW COLUMNS FROM `blog_link` [ RunTime:0.022130s ]
SQL: SELECT * FROM `blog_link` ORDER BY sort desc  [ RunTime:0.001018s ]
SQL: SHOW COLUMNS FROM `blog_article` [ RunTime:0.024999s ]
SQL: SELECT * FROM `blog_article`  [ RunTime:0.001331s ]
SQL: SELECT COUNT(*) AS tp_count FROM `blog_article` LIMIT 1   [ RunTime:0.000714s ]
NOTIC: [8] Undefined variable: page D:\phpStudy\WWW\boke\Application\Home\Controller\IndexController.class.php 第 10 行.
NOTIC: [8] Trying to get property of non-object D:\phpStudy\WWW\boke\Application\Home\Controller\IndexController.class.php 第 10 行.
SQL: SELECT * FROM `blog_article`  [ RunTime:0.000911s ]
INFO: [ view_parse ] --START--
INFO: [ template_filter ] --START--
INFO: Run Behavior\ContentReplaceBehavior [ RunTime:0.000445s ]
INFO: [ template_filter ] --END-- [ RunTime:0.000757s ]
INFO: Run Behavior\ParseTemplateBehavior [ RunTime:0.064456s ]
INFO: [ view_parse ] --END-- [ RunTime:0.064853s ]
INFO: [ view_filter ] --START--
INFO: Run Behavior\WriteHtmlCacheBehavior [ RunTime:0.003659s ]
INFO: [ view_filter ] --END-- [ RunTime:0.003914s ]
INFO: [ app_end ] --START--
INFO: Run Behavior\ShowPageTraceBehavior [ RunTime:0.004932s ]
INFO: [ app_end ] --END-- [ RunTime:0.005343s ]

[ 2020-06-17T23:53:25+08:00 ] ::1 /boke/index.php
INFO: [ app_init ] --START--
INFO: Run Behavior\BuildLiteBehavior [ RunTime:0.000090s ]
INFO: [ app_init ] --END-- [ RunTime:0.001837s ]
INFO: [ app_begin ] --START--
INFO: Run Behavior\ReadHtmlCacheBehavior [ RunTime:0.003904s ]
INFO: [ app_begin ] --END-- [ RunTime:0.004114s ]
SQL: SHOW COLUMNS FROM `blog_cate` [ RunTime:0.070749s ]
SQL: SELECT * FROM `blog_cate` ORDER BY sort desc  [ RunTime:0.000910s ]
SQL: SHOW COLUMNS FROM `blog_link` [ RunTime:0.021322s ]
SQL: SELECT * FROM `blog_link` ORDER BY sort desc  [ RunTime:0.001086s ]
SQL: SHOW COLUMNS FROM `blog_article` [ RunTime:0.020152s ]
SQL: SELECT * FROM `blog_article`  [ RunTime:0.001039s ]
SQL: SELECT COUNT(*) AS tp_count FROM `blog_article` LIMIT 1   [ RunTime:0.000588s ]
NOTIC: [8] Undefined variable: page D:\phpStudy\WWW\boke\Application\Home\Controller\IndexController.class.php 第 10 行.
NOTIC: [8] Trying to get property of non-object D:\phpStudy\WWW\boke\Application\Home\Controller\IndexController.class.php 第 10 行.
SQL: SELECT * FROM `blog_article`  [ RunTime:0.000749s ]
INFO: [ view_parse ] --START--
INFO: [ template_filter ] --START--
INFO: Run Behavior\ContentReplaceBehavior [ RunTime:0.000542s ]
INFO: [ template_filter ] --END-- [ RunTime:0.000966s ]
INFO: Run Behavior\ParseTemplateBehavior [ RunTime:0.052875s ]
INFO: [ view_parse ] --END-- [ RunTime:0.053151s ]
INFO: [ view_filter ] --START--
INFO: Run Behavior\WriteHtmlCacheBehavior [ RunTime:0.002655s ]
INFO: [ view_filter ] --END-- [ RunTime:0.002831s ]
INFO: [ app_end ] --START--
INFO: Run Behavior\ShowPageTraceBehavior [ RunTime:0.003810s ]
INFO: [ app_end ] --END-- [ RunTime:0.003995s ]

[ 2020-06-17T23:54:47+08:00 ] ::1 /boke/index.php
INFO: [ app_init ] --START--
INFO: Run Behavior\BuildLiteBehavior [ RunTime:0.000049s ]
INFO: [ app_init ] --END-- [ RunTime:0.001869s ]
INFO: [ app_begin ] --START--
INFO: Run Behavior\ReadHtmlCacheBehavior [ RunTime:0.003553s ]
INFO: [ app_begin ] --END-- [ RunTime:0.003774s ]
SQL: SHOW COLUMNS FROM `blog_cate` [ RunTime:0.073836s ]
SQL: SELECT * FROM `blog_cate` ORDER BY sort desc  [ RunTime:0.001324s ]
SQL: SHOW COLUMNS FROM `blog_link` [ RunTime:0.028123s ]
SQL: SELECT * FROM `blog_link` ORDER BY sort desc  [ RunTime:0.001310s ]
SQL: SHOW COLUMNS FROM `blog_article` [ RunTime:0.026540s ]
SQL: SELECT * FROM `blog_article`  [ RunTime:0.000996s ]
SQL: SELECT COUNT(*) AS tp_count FROM `blog_article` LIMIT 1   [ RunTime:0.000576s ]
NOTIC: [8] Undefined variable: page D:\phpStudy\WWW\boke\Application\Home\Controller\IndexController.class.php 第 10 行.
NOTIC: [8] Trying to get property of non-object D:\phpStudy\WWW\boke\Application\Home\Controller\IndexController.class.php 第 10 行.
SQL: SELECT * FROM `blog_article`  [ RunTime:0.001091s ]
INFO: [ view_parse ] --START--
INFO: [ template_filter ] --START--
INFO: Run Behavior\ContentReplaceBehavior [ RunTime:0.000284s ]
INFO: [ template_filter ] --END-- [ RunTime:0.000495s ]
INFO: Run Behavior\ParseTemplateBehavior [ RunTime:0.055100s ]
INFO: [ view_parse ] --END-- [ RunTime:0.055447s ]
INFO: [ view_filter ] --START--
INFO: Run Behavior\WriteHtmlCacheBehavior [ RunTime:0.003910s ]
INFO: [ view_filter ] --END-- [ RunTime:0.004268s ]
INFO: [ app_end ] --START--
INFO: Run Behavior\ShowPageTraceBehavior [ RunTime:0.004092s ]
INFO: [ app_end ] --END-- [ RunTime:0.004507s ]

[ 2020-06-17T23:56:02+08:00 ] ::1 /boke/index.php
INFO: [ app_init ] --START--
INFO: Run Behavior\BuildLiteBehavior [ RunTime:0.000048s ]
INFO: [ app_init ] --END-- [ RunTime:0.002713s ]
INFO: [ app_begin ] --START--
INFO: Run Behavior\ReadHtmlCacheBehavior [ RunTime:0.003756s ]
INFO: [ app_begin ] --END-- [ RunTime:0.004017s ]
SQL: SHOW COLUMNS FROM `blog_cate` [ RunTime:0.022216s ]
SQL: SELECT * FROM `blog_cate` ORDER BY sort desc  [ RunTime:0.000925s ]
SQL: SHOW COLUMNS FROM `blog_link` [ RunTime:0.023895s ]
SQL: SELECT * FROM `blog_link` ORDER BY sort desc  [ RunTime:0.001028s ]
SQL: SHOW COLUMNS FROM `blog_article` [ RunTime:0.019467s ]
SQL: SELECT * FROM `blog_article`  [ RunTime:0.000847s ]
SQL: SELECT COUNT(*) AS tp_count FROM `blog_article` LIMIT 1   [ RunTime:0.000501s ]
NOTIC: [8] Undefined variable: page D:\phpStudy\WWW\boke\Application\Home\Controller\IndexController.class.php 第 10 行.
NOTIC: [8] Trying to get property of non-object D:\phpStudy\WWW\boke\Application\Home\Controller\IndexController.class.php 第 10 行.
SQL: SELECT * FROM `blog_article`  [ RunTime:0.000780s ]
INFO: [ view_parse ] --START--
INFO: [ template_filter ] --START--
INFO: Run Behavior\ContentReplaceBehavior [ RunTime:0.000275s ]
INFO: [ template_filter ] --END-- [ RunTime:0.000581s ]
INFO: Run Behavior\ParseTemplateBehavior [ RunTime:0.042319s ]
INFO: [ view_parse ] --END-- [ RunTime:0.042587s ]
INFO: [ view_filter ] --START--
INFO: Run Behavior\WriteHtmlCacheBehavior [ RunTime:0.002593s ]
INFO: [ view_filter ] --END-- [ RunTime:0.002761s ]
INFO: [ app_end ] --START--
INFO: Run Behavior\ShowPageTraceBehavior [ RunTime:0.003590s ]
INFO: [ app_end ] --END-- [ RunTime:0.003795s ]

[ 2020-06-17T23:58:41+08:00 ] ::1 /boke/index.php
INFO: [ app_init ] --START--
INFO: Run Behavior\BuildLiteBehavior [ RunTime:0.000053s ]
INFO: [ app_init ] --END-- [ RunTime:0.002066s ]
INFO: [ app_begin ] --START--
INFO: Run Behavior\ReadHtmlCacheBehavior [ RunTime:0.004072s ]
INFO: [ app_begin ] --END-- [ RunTime:0.004335s ]
SQL: SHOW COLUMNS FROM `blog_cate` [ RunTime:0.070034s ]
SQL: SELECT * FROM `blog_cate` ORDER BY sort desc  [ RunTime:0.001063s ]
SQL: SHOW COLUMNS FROM `blog_link` [ RunTime:0.021742s ]
SQL: SELECT * FROM `blog_link` ORDER BY sort desc  [ RunTime:0.001082s ]
SQL: SHOW COLUMNS FROM `blog_article` [ RunTime:0.023518s ]
SQL: SELECT * FROM `blog_article`  [ RunTime:0.000998s ]
SQL: SELECT COUNT(*) AS tp_count FROM `blog_article` LIMIT 1   [ RunTime:0.000602s ]
NOTIC: [8] Undefined variable: page D:\phpStudy\WWW\boke\Application\Home\Controller\IndexController.class.php 第 10 行.
NOTIC: [8] Trying to get property of non-object D:\phpStudy\WWW\boke\Application\Home\Controller\IndexController.class.php 第 10 行.
SQL: SELECT * FROM `blog_article`  [ RunTime:0.000903s ]
INFO: [ view_parse ] --START--
INFO: [ template_filter ] --START--
INFO: Run Behavior\ContentReplaceBehavior [ RunTime:0.000284s ]
INFO: [ template_filter ] --END-- [ RunTime:0.000494s ]
INFO: Run Behavior\ParseTemplateBehavior [ RunTime:0.048787s ]
INFO: [ view_parse ] --END-- [ RunTime:0.049205s ]
INFO: [ view_filter ] --START--
INFO: Run Behavior\WriteHtmlCacheBehavior [ RunTime:0.002987s ]
INFO: [ view_filter ] --END-- [ RunTime:0.003179s ]
INFO: [ app_end ] --START--
INFO: Run Behavior\ShowPageTraceBehavior [ RunTime:0.003831s ]
INFO: [ app_end ] --END-- [ RunTime:0.004162s ]

